Copyright 1986-2016 Xilinx, Inc. All Rights Reserved.
-----------------------------------------------------------------------------------------
| Tool Version      : Vivado v.2016.2 (win64) Build 1577090 Thu Jun  2 16:32:40 MDT 2016
| Date              : Sat Aug 20 14:45:29 2022
| Host              : LAPTOP-RHBK633D running 64-bit major release  (build 9200)
| Command           : report_clock_utilization -file cpu_clock_utilization_routed.rpt
| Design            : cpu
| Device            : 7a100t-csg324
| Speed File        : -1  PRODUCTION 1.14 2014-09-11
| Temperature Grade : C
-----------------------------------------------------------------------------------------

Clock Utilization Report

Table of Contents
-----------------
1. Clock Primitive Utilization
2. Global Clock Resources
3. Global Clock Source Details
4. Local Clock Details
5. Clock Regions: Key Resource Utilization
6. Clock Regions : Global Clock Summary
7. Cell Type Counts per Global Clock: Region X0Y0
8. Cell Type Counts per Global Clock: Region X1Y0
9. Cell Type Counts per Global Clock: Region X0Y1
10. Cell Type Counts per Global Clock: Region X1Y1
11. Cell Type Counts per Global Clock: Region X0Y2
12. Cell Type Counts per Global Clock: Region X1Y2
13. Cell Type Counts per Global Clock: Region X0Y3
14. Cell Type Counts per Global Clock: Region X1Y3
15. Load Cell Placement Summary for Global Clock g0
16. Load Cell Placement Summary for Global Clock g1
17. Load Cell Placement Summary for Global Clock g2
18. Load Cell Placement Summary for Global Clock g3
19. Load Cell Placement Summary for Global Clock g4
20. Load Cell Placement Summary for Global Clock g5
21. Load Cell Placement Summary for Global Clock g6
22. Load Cell Placement Summary for Global Clock g7
23. Load Cell Placement Summary for Global Clock g8
24. Load Cell Placement Summary for Global Clock g9
25. Load Cell Placement Summary for Global Clock g10
26. Load Cell Placement Summary for Global Clock g11

1. Clock Primitive Utilization
------------------------------

+----------+------+-----------+-----+--------------+--------+
| Type     | Used | Available | LOC | Clock Region | Pblock |
+----------+------+-----------+-----+--------------+--------+
| BUFGCTRL |   12 |        32 |   0 |            0 |      0 |
| BUFH     |    0 |        96 |   0 |            0 |      0 |
| BUFIO    |    0 |        24 |   0 |            0 |      0 |
| BUFMR    |    0 |        12 |   0 |            0 |      0 |
| BUFR     |    0 |        24 |   0 |            0 |      0 |
| MMCM     |    0 |         6 |   0 |            0 |      0 |
| PLL      |    0 |         6 |   0 |            0 |      0 |
+----------+------+-----------+-----+--------------+--------+


2. Global Clock Resources
-------------------------

+-------+-------+-----------------+------------+----------------+--------------+------+-------------------+---------------+-------------+-----------------+--------------+---------+-------------------------+------------------+
| GlbID | SrcId | Driver Type/Pin | Constraint | Site           | Clock Region | Root | Clock Delay Group | Clock Regions | Clock Loads | Non-Clock Loads | Clock Period | Clock   | Driver Pin              | Net              |
+-------+-------+-----------------+------------+----------------+--------------+------+-------------------+---------------+-------------+-----------------+--------------+---------+-------------------------+------------------+
| g0    | src0  | BUFG/O          | None       | BUFGCTRL_X0Y0  | n/a          |      |                   |             8 |       17477 |               0 |              |         | clk_BUFG_inst/O         | clk_BUFG         |
| g1    | src1  | BUFG/O          | None       | BUFGCTRL_X0Y1  | n/a          |      |                   |             2 |         488 |               0 |              |         | cnt_reg[5]_i_3/O        | clk3             |
| g2    | src2  | BUFG/O          | None       | BUFGCTRL_X0Y2  | n/a          |      |                   |             1 |         235 |               0 |              |         | o_compare_reg[31]_i_2/O | clk5             |
| g3    | src3  | BUFG/O          | None       | BUFGCTRL_X0Y3  | n/a          |      |                   |             2 |         172 |               0 |              |         | ex_alusel_reg[2]_i_2/O  | clk2             |
| g4    | src4  | BUFG/O          | None       | BUFGCTRL_X0Y4  | n/a          |      |                   |             2 |         141 |               0 |              |         | wb_wd_reg[4]_i_2/O      | clk4             |
| g5    | src5  | BUFG/O          | None       | BUFGCTRL_X0Y5  | n/a          |      |                   |             1 |          97 |               0 |              |         | cs_reg_inv_i_1/O        | clk1             |
| g6    | src6  | BUFG/O          | None       | BUFGCTRL_X0Y16 | n/a          |      |                   |             3 |          78 |               0 |      100.000 | clk_pin | clk_in_IBUF_BUFG_inst/O | clk_in_IBUF_BUFG |
| g7    | src7  | BUFG/O          | None       | BUFGCTRL_X0Y6  | n/a          |      |                   |             1 |          65 |               0 |              |         | n_0_2471_BUFG_inst/O    | n_0_2471_BUFG    |
| g8    | src8  | BUFG/O          | None       | BUFGCTRL_X0Y7  | n/a          |      |                   |             1 |          64 |               0 |              |         | n_1_7282_BUFG_inst/O    | n_1_7282_BUFG    |
| g9    | src9  | BUFG/O          | None       | BUFGCTRL_X0Y8  | n/a          |      |                   |             1 |          32 |               0 |              |         | n_2_3677_BUFG_inst/O    | n_2_3677_BUFG    |
| g10   | src10 | BUFG/O          | None       | BUFGCTRL_X0Y9  | n/a          |      |                   |             1 |          32 |               0 |              |         | n_3_4107_BUFG_inst/O    | n_3_4107_BUFG    |
| g11   | src11 | BUFG/O          | None       | BUFGCTRL_X0Y10 | n/a          |      |                   |             1 |          32 |               0 |              |         | n_4_2418_BUFG_inst/O    | n_4_2418_BUFG    |
+-------+-------+-----------------+------------+----------------+--------------+------+-------------------+---------------+-------------+-----------------+--------------+---------+-------------------------+------------------+
* Note: Multiple constraint types applied to the driver. Please check for potential conflicts.


3. Global Clock Source Details
------------------------------

+-------+--------+-----------------+------------+---------------+--------------+-------------+-----------------+---------------------+--------------+----------------------------------------+--------------------------------------+
| SrcID | GlbIDs | Driver Type/Pin | Constraint | Site          | Clock Region | Clock Loads | Non-Clock Loads | Source Clock Period | Source Clock | Driver Pin                             | Net                                  |
+-------+--------+-----------------+------------+---------------+--------------+-------------+-----------------+---------------------+--------------+----------------------------------------+--------------------------------------+
| src0  | g0     | FDRE/Q          | None       | SLICE_X77Y155 | X1Y3         |           0 |               2 |                     |              | PIL0/clk_reg/Q                         | PIL0/clk                             |
| src1  | g1     | FDRE/Q          | None       | SLICE_X51Y96  | X0Y1         |           0 |               2 |                     |              | sccpu/divide_clk0/clk3_reg/Q           | sccpu/divide_clk0/clk3_reg_0         |
| src2  | g2     | FDRE/Q          | None       | SLICE_X51Y96  | X0Y1         |           0 |               2 |                     |              | sccpu/divide_clk0/clk5_reg/Q           | sccpu/divide_clk0/clk5_reg_0         |
| src3  | g3     | FDRE/Q          | None       | SLICE_X49Y96  | X0Y1         |           0 |               2 |                     |              | sccpu/divide_clk0/clk2_reg/Q           | sccpu/divide_clk0/clk2_reg_0         |
| src4  | g4     | FDRE/Q          | None       | SLICE_X51Y96  | X0Y1         |           0 |               2 |                     |              | sccpu/divide_clk0/clk4_reg/Q           | sccpu/divide_clk0/clk4_reg_0         |
| src5  | g5     | FDRE/Q          | None       | SLICE_X51Y96  | X0Y1         |           0 |               2 |                     |              | sccpu/divide_clk0/clk1_reg/Q           | sccpu/divide_clk0/clk1_reg_0         |
| src6  | g6     | IBUF/O          | IOB_X1Y126 | IOB_X1Y126    | X1Y2         |           0 |               1 |             100.000 | clk_pin      | clk_in_IBUF_inst/O                     | clk_in_IBUF                          |
| src7  | g7     | LUT6/O          | None       | SLICE_X51Y94  | X0Y1         |           0 |               1 |                     |              | sccpu/id_ex0/n_0_2471_BUFG_inst_i_1/O  | sccpu/id_ex0/n_0_2471_BUFG_inst_n_1  |
| src8  | g8     | LUT6/O          | None       | SLICE_X52Y95  | X1Y1         |           0 |               1 |                     |              | sccpu/id_ex0/n_1_7282_BUFG_inst_i_1/O  | sccpu/id_ex0/n_1_7282_BUFG_inst_n_2  |
| src9  | g9     | LUT6/O          | None       | SLICE_X51Y95  | X0Y1         |           0 |               1 |                     |              | sccpu/MEM_WB0/n_2_3677_BUFG_inst_i_1/O | sccpu/MEM_WB0/n_2_3677_BUFG_inst_n_3 |
| src10 | g10    | LUT5/O          | None       | SLICE_X51Y94  | X0Y1         |           0 |               1 |                     |              | sccpu/EX0/n_3_4107_BUFG_inst_i_1/O     | sccpu/EX0/n_3_4107_BUFG_inst_n_4     |
| src11 | g11    | MUXF7/O         | None       | SLICE_X40Y38  | X0Y0         |           0 |               1 |                     |              | sccpu/id_ex0/n_4_2418_BUFG_inst_i_1/O  | sccpu/id_ex0/n_4_2418_BUFG_inst_n_5  |
+-------+--------+-----------------+------------+---------------+--------------+-------------+-----------------+---------------------+--------------+----------------------------------------+--------------------------------------+
* Note: Multiple constraint types applied to the driver. Please check for potential conflicts.


4. Local Clock Details
----------------------

+-------+-----------------+------------+-----------------+--------------+-------------+-----------------+--------------+-------+-------------------------+--------------------+
| LocId | Driver Type/Pin | Constraint | Site/BEL        | Clock Region | Clock Loads | Non-Clock Loads | Clock Period | Clock | Driver Pin              | Net                |
+-------+-----------------+------------+-----------------+--------------+-------------+-----------------+--------------+-------+-------------------------+--------------------+
| 0     | FDCE/Q          | None       | SLICE_X0Y51/CFF | X0Y1         |           3 |               1 |              |       | seg7x16_0/cnt_reg[14]/Q | seg7x16_0/seg7_clk |
+-------+-----------------+------------+-----------------+--------------+-------------+-----------------+--------------+-------+-------------------------+--------------------+
* Note: Multiple constraint types applied to the driver. Please check for potential conflicts.


5. Clock Regions: Key Resource Utilization
------------------------------------------

+-------------------+--------------+--------------+--------------+--------------+--------------+--------------+--------------+--------------+--------------+--------------+--------------+--------------+--------------+--------------+--------------+
|                   | Global Clock |     BUFRs    |    BUFMRs    |    BUFIOs    |     MMCM     |      PLL     |      GT      |      PCI     |    ILOGIC    |    OLOGIC    |      FF      |     LUTM     |    RAMB18    |    RAMB36    |    DSP48E2   |
+-------------------+------+-------+------+-------+------+-------+------+-------+------+-------+------+-------+------+-------+------+-------+------+-------+------+-------+------+-------+------+-------+------+-------+------+-------+------+-------+
| Clock Region Name | Used | Avail | Used | Avail | Used | Avail | Used | Avail | Used | Avail | Used | Avail | Used | Avail | Used | Avail | Used | Avail | Used | Avail | Used | Avail | Used | Avail | Used | Avail | Used | Avail | Used | Avail |
+-------------------+------+-------+------+-------+------+-------+------+-------+------+-------+------+-------+------+-------+------+-------+------+-------+------+-------+------+-------+------+-------+------+-------+------+-------+------+-------+
| X0Y0              |   12 |    12 |    0 |     4 |    0 |     2 |    0 |     4 |    0 |     1 |    0 |     1 |    0 |     0 |    0 |     0 |    0 |    50 |    0 |    50 | 2366 | 20800 |  589 |  2400 |    0 |     0 |    0 |    10 |    0 |    20 |
| X1Y0              |    4 |    12 |    0 |     0 |    0 |     0 |    0 |     0 |    0 |     0 |    0 |     0 |    0 |     5 |    0 |     0 |    0 |     0 |    0 |     0 | 1048 | 12000 |  497 |  2200 |    0 |     0 |    0 |    20 |    0 |    40 |
| X0Y1              |    2 |    12 |    0 |     4 |    0 |     2 |    0 |     4 |    0 |     1 |    0 |     1 |    0 |     0 |    0 |     0 |    0 |    50 |    0 |    50 |  664 | 16000 |  628 |  2400 |    0 |     0 |    0 |    10 |    0 |    20 |
| X1Y1              |    1 |    12 |    0 |     4 |    0 |     2 |    0 |     4 |    0 |     1 |    0 |     1 |    0 |     0 |    0 |     0 |    0 |    50 |    0 |    50 |  678 | 15200 |  678 |  2600 |    0 |     0 |    0 |    30 |    0 |    40 |
| X0Y2              |    1 |    12 |    0 |     4 |    0 |     2 |    0 |     4 |    0 |     1 |    0 |     1 |    0 |     0 |    0 |     0 |    0 |    50 |    0 |    50 |  636 | 16000 |  624 |  2400 |    0 |     0 |    0 |    10 |    0 |    20 |
| X1Y2              |    1 |    12 |    0 |     4 |    0 |     2 |    0 |     4 |    0 |     1 |    0 |     1 |    0 |     0 |    0 |     0 |    0 |    50 |    0 |    50 |  667 | 15200 |  667 |  2600 |    0 |     0 |    0 |    30 |    0 |    40 |
| X0Y3              |    1 |    12 |    0 |     4 |    0 |     2 |    0 |     4 |    0 |     1 |    0 |     1 |    0 |     0 |    0 |     0 |    0 |    50 |    0 |    50 |  242 | 20800 |  242 |  2400 |    0 |     0 |    0 |    10 |    0 |    20 |
| X1Y3              |    2 |    12 |    0 |     0 |    0 |     0 |    0 |     0 |    0 |     0 |    0 |     0 |    0 |     5 |    0 |     0 |    0 |     0 |    0 |     0 |  325 | 10800 |  301 |  2000 |    0 |     0 |    0 |    15 |    0 |    40 |
+-------------------+------+-------+------+-------+------+-------+------+-------+------+-------+------+-------+------+-------+------+-------+------+-------+------+-------+------+-------+------+-------+------+-------+------+-------+------+-------+
* Used Global Clocks includes only global clock resources based on load placement but does not consider global clock resources used to traverse a clock region. Therefore the actual total of Used Global Clocks may be higher.
** RAMB36 site can be used as two RAMB18/FIFO18 sites.


6. Clock Regions : Global Clock Summary
---------------------------------------

+----+----+----+
|    | X0 | X1 |
+----+----+----+
| Y3 |  1 |  2 |
| Y2 |  1 |  1 |
| Y1 |  2 |  1 |
| Y0 | 12 |  4 |
+----+----+----+
* Used Global Clocks includes only global clock resources based on load placement but does not consider global clock resources used to traverse a clock region. Therefore the actual total of Used Global Clocks may be higher.


7. Cell Type Counts per Global Clock: Region X0Y0
-------------------------------------------------

+-------+-------+-----------------+------------+-------------+-----------------+------+--------+------+-----+----+------+-----+---------+------------------+
| GlbID | Track | Driver Type/Pin | Constraint | Clock Loads | Non-Clock Loads | FF   | LUTRAM | RAMB | DSP | GT | MMCM | PLL | Hard IP | Net              |
+-------+-------+-----------------+------------+-------------+-----------------+------+--------+------+-----+----+------+-----+---------+------------------+
| g0    | n/a   | BUFG/O          | None       |           0 |            1002 | 1002 |    589 |    0 |   0 |  0 |    0 |   0 |       0 | clk_BUFG         |
| g1    | n/a   | BUFG/O          | None       |           0 |             464 |  464 |      0 |    0 |   0 |  0 |    0 |   0 |       0 | clk3             |
| g2    | n/a   | BUFG/O          | None       |           0 |             235 |  235 |      0 |    0 |   0 |  0 |    0 |   0 |       0 | clk5             |
| g3    | n/a   | BUFG/O          | None       |           0 |             171 |  171 |      0 |    0 |   0 |  0 |    0 |   0 |       0 | clk2             |
| g4    | n/a   | BUFG/O          | None       |           0 |             125 |  125 |      0 |    0 |   0 |  0 |    0 |   0 |       0 | clk4             |
| g5    | n/a   | BUFG/O          | None       |           0 |              97 |   97 |      0 |    0 |   0 |  0 |    0 |   0 |       0 | clk1             |
| g6    | n/a   | BUFG/O          | None       |           0 |              47 |   47 |      0 |    0 |   0 |  0 |    0 |   0 |       0 | clk_in_IBUF_BUFG |
| g7    | n/a   | BUFG/O          | None       |           0 |              65 |   65 |      0 |    0 |   0 |  0 |    0 |   0 |       0 | n_0_2471_BUFG    |
| g8    | n/a   | BUFG/O          | None       |           0 |              64 |   64 |      0 |    0 |   0 |  0 |    0 |   0 |       0 | n_1_7282_BUFG    |
| g9    | n/a   | BUFG/O          | None       |           0 |              32 |   32 |      0 |    0 |   0 |  0 |    0 |   0 |       0 | n_2_3677_BUFG    |
| g10   | n/a   | BUFG/O          | None       |           0 |              32 |   32 |      0 |    0 |   0 |  0 |    0 |   0 |       0 | n_3_4107_BUFG    |
| g11   | n/a   | BUFG/O          | None       |           0 |              32 |   32 |      0 |    0 |   0 |  0 |    0 |   0 |       0 | n_4_2418_BUFG    |
+-------+-------+-----------------+------------+-------------+-----------------+------+--------+------+-----+----+------+-----+---------+------------------+
* Note: Multiple constraint types applied to the driver. Please check for potential conflicts.


8. Cell Type Counts per Global Clock: Region X1Y0
-------------------------------------------------

+-------+-------+-----------------+------------+-------------+-----------------+------+--------+------+-----+----+------+-----+---------+----------+
| GlbID | Track | Driver Type/Pin | Constraint | Clock Loads | Non-Clock Loads | FF   | LUTRAM | RAMB | DSP | GT | MMCM | PLL | Hard IP | Net      |
+-------+-------+-----------------+------------+-------------+-----------------+------+--------+------+-----+----+------+-----+---------+----------+
| g0    | n/a   | BUFG/O          | None       |           0 |            1007 | 1007 |    497 |    0 |   0 |  0 |    0 |   0 |       0 | clk_BUFG |
| g1    | n/a   | BUFG/O          | None       |           0 |              24 |   24 |      0 |    0 |   0 |  0 |    0 |   0 |       0 | clk3     |
| g3    | n/a   | BUFG/O          | None       |           0 |               1 |    1 |      0 |    0 |   0 |  0 |    0 |   0 |       0 | clk2     |
| g4    | n/a   | BUFG/O          | None       |           0 |              16 |   16 |      0 |    0 |   0 |  0 |    0 |   0 |       0 | clk4     |
+-------+-------+-----------------+------------+-------------+-----------------+------+--------+------+-----+----+------+-----+---------+----------+
* Note: Multiple constraint types applied to the driver. Please check for potential conflicts.


9. Cell Type Counts per Global Clock: Region X0Y1
-------------------------------------------------

+-------+-------+-----------------+------------+-------------+-----------------+-----+--------+------+-----+----+------+-----+---------+------------------+
| GlbID | Track | Driver Type/Pin | Constraint | Clock Loads | Non-Clock Loads | FF  | LUTRAM | RAMB | DSP | GT | MMCM | PLL | Hard IP | Net              |
+-------+-------+-----------------+------------+-------------+-----------------+-----+--------+------+-----+----+------+-----+---------+------------------+
| g0    | n/a   | BUFG/O          | None       |           0 |             653 | 653 |    628 |    0 |   0 |  0 |    0 |   0 |       0 | clk_BUFG         |
| g6    | n/a   | BUFG/O          | None       |           0 |               7 |   7 |      0 |    0 |   0 |  0 |    0 |   0 |       0 | clk_in_IBUF_BUFG |
+-------+-------+-----------------+------------+-------------+-----------------+-----+--------+------+-----+----+------+-----+---------+------------------+
* Note: Multiple constraint types applied to the driver. Please check for potential conflicts.


10. Cell Type Counts per Global Clock: Region X1Y1
--------------------------------------------------

+-------+-------+-----------------+------------+-------------+-----------------+-----+--------+------+-----+----+------+-----+---------+----------+
| GlbID | Track | Driver Type/Pin | Constraint | Clock Loads | Non-Clock Loads | FF  | LUTRAM | RAMB | DSP | GT | MMCM | PLL | Hard IP | Net      |
+-------+-------+-----------------+------------+-------------+-----------------+-----+--------+------+-----+----+------+-----+---------+----------+
| g0    | n/a   | BUFG/O          | None       |           0 |             678 | 678 |    678 |    0 |   0 |  0 |    0 |   0 |       0 | clk_BUFG |
+-------+-------+-----------------+------------+-------------+-----------------+-----+--------+------+-----+----+------+-----+---------+----------+
* Note: Multiple constraint types applied to the driver. Please check for potential conflicts.


11. Cell Type Counts per Global Clock: Region X0Y2
--------------------------------------------------

+-------+-------+-----------------+------------+-------------+-----------------+-----+--------+------+-----+----+------+-----+---------+----------+
| GlbID | Track | Driver Type/Pin | Constraint | Clock Loads | Non-Clock Loads | FF  | LUTRAM | RAMB | DSP | GT | MMCM | PLL | Hard IP | Net      |
+-------+-------+-----------------+------------+-------------+-----------------+-----+--------+------+-----+----+------+-----+---------+----------+
| g0    | n/a   | BUFG/O          | None       |           0 |             636 | 636 |    624 |    0 |   0 |  0 |    0 |   0 |       0 | clk_BUFG |
+-------+-------+-----------------+------------+-------------+-----------------+-----+--------+------+-----+----+------+-----+---------+----------+
* Note: Multiple constraint types applied to the driver. Please check for potential conflicts.


12. Cell Type Counts per Global Clock: Region X1Y2
--------------------------------------------------

+-------+-------+-----------------+------------+-------------+-----------------+-----+--------+------+-----+----+------+-----+---------+----------+
| GlbID | Track | Driver Type/Pin | Constraint | Clock Loads | Non-Clock Loads | FF  | LUTRAM | RAMB | DSP | GT | MMCM | PLL | Hard IP | Net      |
+-------+-------+-----------------+------------+-------------+-----------------+-----+--------+------+-----+----+------+-----+---------+----------+
| g0    | n/a   | BUFG/O          | None       |           0 |             667 | 667 |    667 |    0 |   0 |  0 |    0 |   0 |       0 | clk_BUFG |
+-------+-------+-----------------+------------+-------------+-----------------+-----+--------+------+-----+----+------+-----+---------+----------+
* Note: Multiple constraint types applied to the driver. Please check for potential conflicts.


13. Cell Type Counts per Global Clock: Region X0Y3
--------------------------------------------------

+-------+-------+-----------------+------------+-------------+-----------------+-----+--------+------+-----+----+------+-----+---------+----------+
| GlbID | Track | Driver Type/Pin | Constraint | Clock Loads | Non-Clock Loads | FF  | LUTRAM | RAMB | DSP | GT | MMCM | PLL | Hard IP | Net      |
+-------+-------+-----------------+------------+-------------+-----------------+-----+--------+------+-----+----+------+-----+---------+----------+
| g0    | n/a   | BUFG/O          | None       |           0 |             242 | 242 |    242 |    0 |   0 |  0 |    0 |   0 |       0 | clk_BUFG |
+-------+-------+-----------------+------------+-------------+-----------------+-----+--------+------+-----+----+------+-----+---------+----------+
* Note: Multiple constraint types applied to the driver. Please check for potential conflicts.


14. Cell Type Counts per Global Clock: Region X1Y3
--------------------------------------------------

+-------+-------+-----------------+------------+-------------+-----------------+-----+--------+------+-----+----+------+-----+---------+------------------+
| GlbID | Track | Driver Type/Pin | Constraint | Clock Loads | Non-Clock Loads | FF  | LUTRAM | RAMB | DSP | GT | MMCM | PLL | Hard IP | Net              |
+-------+-------+-----------------+------------+-------------+-----------------+-----+--------+------+-----+----+------+-----+---------+------------------+
| g0    | n/a   | BUFG/O          | None       |           0 |             301 | 301 |    301 |    0 |   0 |  0 |    0 |   0 |       0 | clk_BUFG         |
| g6    | n/a   | BUFG/O          | None       |           0 |              24 |  24 |      0 |    0 |   0 |  0 |    0 |   0 |       0 | clk_in_IBUF_BUFG |
+-------+-------+-----------------+------------+-------------+-----------------+-----+--------+------+-----+----+------+-----+---------+------------------+
* Note: Multiple constraint types applied to the driver. Please check for potential conflicts.


15. Load Cell Placement Summary for Global Clock g0
---------------------------------------------------

+-------+-----------------+-------------------+-------+-------------+---------------+----------+-------------+----------+-------------+----+----------+
| GlbID | Driver Type/Pin | Driver Region (D) | Clock | Period (ns) | Waveform (ns) | Root (R) | Slice Loads | IO Loads | Clock Loads | GT | Net      |
+-------+-----------------+-------------------+-------+-------------+---------------+----------+-------------+----------+-------------+----+----------+
| g0    | BUFG/O          | n/a               |       |             |               |          |        5186 |        0 |           0 |  0 | clk_BUFG |
+-------+-----------------+-------------------+-------+-------------+---------------+----------+-------------+----------+-------------+----+----------+


+----+-------+-------+
|    | X0    | X1    |
+----+-------+-------+
| Y3 |   242 |   301 |
| Y2 |   636 |   667 |
| Y1 |   653 |   678 |
| Y0 |  1002 |  1007 |
+----+-------+-------+


16. Load Cell Placement Summary for Global Clock g1
---------------------------------------------------

+-------+-----------------+-------------------+-------+-------------+---------------+----------+-------------+----------+-------------+----+------+
| GlbID | Driver Type/Pin | Driver Region (D) | Clock | Period (ns) | Waveform (ns) | Root (R) | Slice Loads | IO Loads | Clock Loads | GT | Net  |
+-------+-----------------+-------------------+-------+-------------+---------------+----------+-------------+----------+-------------+----+------+
| g1    | BUFG/O          | n/a               |       |             |               |          |         488 |        0 |           0 |  0 | clk3 |
+-------+-----------------+-------------------+-------+-------------+---------------+----------+-------------+----------+-------------+----+------+


+----+------+-----+
|    | X0   | X1  |
+----+------+-----+
| Y3 |    0 |   0 |
| Y2 |    0 |   0 |
| Y1 |    0 |   0 |
| Y0 |  464 |  24 |
+----+------+-----+


17. Load Cell Placement Summary for Global Clock g2
---------------------------------------------------

+-------+-----------------+-------------------+-------+-------------+---------------+----------+-------------+----------+-------------+----+------+
| GlbID | Driver Type/Pin | Driver Region (D) | Clock | Period (ns) | Waveform (ns) | Root (R) | Slice Loads | IO Loads | Clock Loads | GT | Net  |
+-------+-----------------+-------------------+-------+-------------+---------------+----------+-------------+----------+-------------+----+------+
| g2    | BUFG/O          | n/a               |       |             |               |          |         235 |        0 |           0 |  0 | clk5 |
+-------+-----------------+-------------------+-------+-------------+---------------+----------+-------------+----------+-------------+----+------+


+----+------+----+
|    | X0   | X1 |
+----+------+----+
| Y3 |    0 |  0 |
| Y2 |    0 |  0 |
| Y1 |    0 |  0 |
| Y0 |  235 |  0 |
+----+------+----+


18. Load Cell Placement Summary for Global Clock g3
---------------------------------------------------

+-------+-----------------+-------------------+-------+-------------+---------------+----------+-------------+----------+-------------+----+------+
| GlbID | Driver Type/Pin | Driver Region (D) | Clock | Period (ns) | Waveform (ns) | Root (R) | Slice Loads | IO Loads | Clock Loads | GT | Net  |
+-------+-----------------+-------------------+-------+-------------+---------------+----------+-------------+----------+-------------+----+------+
| g3    | BUFG/O          | n/a               |       |             |               |          |         172 |        0 |           0 |  0 | clk2 |
+-------+-----------------+-------------------+-------+-------------+---------------+----------+-------------+----------+-------------+----+------+


+----+------+----+
|    | X0   | X1 |
+----+------+----+
| Y3 |    0 |  0 |
| Y2 |    0 |  0 |
| Y1 |    0 |  0 |
| Y0 |  171 |  1 |
+----+------+----+


19. Load Cell Placement Summary for Global Clock g4
---------------------------------------------------

+-------+-----------------+-------------------+-------+-------------+---------------+----------+-------------+----------+-------------+----+------+
| GlbID | Driver Type/Pin | Driver Region (D) | Clock | Period (ns) | Waveform (ns) | Root (R) | Slice Loads | IO Loads | Clock Loads | GT | Net  |
+-------+-----------------+-------------------+-------+-------------+---------------+----------+-------------+----------+-------------+----+------+
| g4    | BUFG/O          | n/a               |       |             |               |          |         141 |        0 |           0 |  0 | clk4 |
+-------+-----------------+-------------------+-------+-------------+---------------+----------+-------------+----------+-------------+----+------+


+----+------+-----+
|    | X0   | X1  |
+----+------+-----+
| Y3 |    0 |   0 |
| Y2 |    0 |   0 |
| Y1 |    0 |   0 |
| Y0 |  125 |  16 |
+----+------+-----+


20. Load Cell Placement Summary for Global Clock g5
---------------------------------------------------

+-------+-----------------+-------------------+-------+-------------+---------------+----------+-------------+----------+-------------+----+------+
| GlbID | Driver Type/Pin | Driver Region (D) | Clock | Period (ns) | Waveform (ns) | Root (R) | Slice Loads | IO Loads | Clock Loads | GT | Net  |
+-------+-----------------+-------------------+-------+-------------+---------------+----------+-------------+----------+-------------+----+------+
| g5    | BUFG/O          | n/a               |       |             |               |          |          97 |        0 |           0 |  0 | clk1 |
+-------+-----------------+-------------------+-------+-------------+---------------+----------+-------------+----------+-------------+----+------+


+----+-----+----+
|    | X0  | X1 |
+----+-----+----+
| Y3 |   0 |  0 |
| Y2 |   0 |  0 |
| Y1 |   0 |  0 |
| Y0 |  97 |  0 |
+----+-----+----+


21. Load Cell Placement Summary for Global Clock g6
---------------------------------------------------

+-------+-----------------+-------------------+---------+-------------+----------------+----------+-------------+----------+-------------+----+------------------+
| GlbID | Driver Type/Pin | Driver Region (D) | Clock   | Period (ns) | Waveform (ns)  | Root (R) | Slice Loads | IO Loads | Clock Loads | GT | Net              |
+-------+-----------------+-------------------+---------+-------------+----------------+----------+-------------+----------+-------------+----+------------------+
| g6    | BUFG/O          | n/a               | clk_pin |     100.000 | {0.000 50.000} |          |          78 |        0 |           0 |  0 | clk_in_IBUF_BUFG |
+-------+-----------------+-------------------+---------+-------------+----------------+----------+-------------+----------+-------------+----+------------------+


+----+-----+-----+
|    | X0  | X1  |
+----+-----+-----+
| Y3 |   0 |  24 |
| Y2 |   0 |   0 |
| Y1 |   7 |   0 |
| Y0 |  47 |   0 |
+----+-----+-----+


22. Load Cell Placement Summary for Global Clock g7
---------------------------------------------------

+-------+-----------------+-------------------+-------+-------------+---------------+----------+-------------+----------+-------------+----+---------------+
| GlbID | Driver Type/Pin | Driver Region (D) | Clock | Period (ns) | Waveform (ns) | Root (R) | Slice Loads | IO Loads | Clock Loads | GT | Net           |
+-------+-----------------+-------------------+-------+-------------+---------------+----------+-------------+----------+-------------+----+---------------+
| g7    | BUFG/O          | n/a               |       |             |               |          |          65 |        0 |           0 |  0 | n_0_2471_BUFG |
+-------+-----------------+-------------------+-------+-------------+---------------+----------+-------------+----------+-------------+----+---------------+


+----+-----+----+
|    | X0  | X1 |
+----+-----+----+
| Y3 |   0 |  0 |
| Y2 |   0 |  0 |
| Y1 |   0 |  0 |
| Y0 |  65 |  0 |
+----+-----+----+


23. Load Cell Placement Summary for Global Clock g8
---------------------------------------------------

+-------+-----------------+-------------------+-------+-------------+---------------+----------+-------------+----------+-------------+----+---------------+
| GlbID | Driver Type/Pin | Driver Region (D) | Clock | Period (ns) | Waveform (ns) | Root (R) | Slice Loads | IO Loads | Clock Loads | GT | Net           |
+-------+-----------------+-------------------+-------+-------------+---------------+----------+-------------+----------+-------------+----+---------------+
| g8    | BUFG/O          | n/a               |       |             |               |          |          64 |        0 |           0 |  0 | n_1_7282_BUFG |
+-------+-----------------+-------------------+-------+-------------+---------------+----------+-------------+----------+-------------+----+---------------+


+----+-----+----+
|    | X0  | X1 |
+----+-----+----+
| Y3 |   0 |  0 |
| Y2 |   0 |  0 |
| Y1 |   0 |  0 |
| Y0 |  64 |  0 |
+----+-----+----+


24. Load Cell Placement Summary for Global Clock g9
---------------------------------------------------

+-------+-----------------+-------------------+-------+-------------+---------------+----------+-------------+----------+-------------+----+---------------+
| GlbID | Driver Type/Pin | Driver Region (D) | Clock | Period (ns) | Waveform (ns) | Root (R) | Slice Loads | IO Loads | Clock Loads | GT | Net           |
+-------+-----------------+-------------------+-------+-------------+---------------+----------+-------------+----------+-------------+----+---------------+
| g9    | BUFG/O          | n/a               |       |             |               |          |          32 |        0 |           0 |  0 | n_2_3677_BUFG |
+-------+-----------------+-------------------+-------+-------------+---------------+----------+-------------+----------+-------------+----+---------------+


+----+-----+----+
|    | X0  | X1 |
+----+-----+----+
| Y3 |   0 |  0 |
| Y2 |   0 |  0 |
| Y1 |   0 |  0 |
| Y0 |  32 |  0 |
+----+-----+----+


25. Load Cell Placement Summary for Global Clock g10
----------------------------------------------------

+-------+-----------------+-------------------+-------+-------------+---------------+----------+-------------+----------+-------------+----+---------------+
| GlbID | Driver Type/Pin | Driver Region (D) | Clock | Period (ns) | Waveform (ns) | Root (R) | Slice Loads | IO Loads | Clock Loads | GT | Net           |
+-------+-----------------+-------------------+-------+-------------+---------------+----------+-------------+----------+-------------+----+---------------+
| g10   | BUFG/O          | n/a               |       |             |               |          |          32 |        0 |           0 |  0 | n_3_4107_BUFG |
+-------+-----------------+-------------------+-------+-------------+---------------+----------+-------------+----------+-------------+----+---------------+


+----+-----+----+
|    | X0  | X1 |
+----+-----+----+
| Y3 |   0 |  0 |
| Y2 |   0 |  0 |
| Y1 |   0 |  0 |
| Y0 |  32 |  0 |
+----+-----+----+


26. Load Cell Placement Summary for Global Clock g11
----------------------------------------------------

+-------+-----------------+-------------------+-------+-------------+---------------+----------+-------------+----------+-------------+----+---------------+
| GlbID | Driver Type/Pin | Driver Region (D) | Clock | Period (ns) | Waveform (ns) | Root (R) | Slice Loads | IO Loads | Clock Loads | GT | Net           |
+-------+-----------------+-------------------+-------+-------------+---------------+----------+-------------+----------+-------------+----+---------------+
| g11   | BUFG/O          | n/a               |       |             |               |          |          32 |        0 |           0 |  0 | n_4_2418_BUFG |
+-------+-----------------+-------------------+-------+-------------+---------------+----------+-------------+----------+-------------+----+---------------+


+----+-----+----+
|    | X0  | X1 |
+----+-----+----+
| Y3 |   0 |  0 |
| Y2 |   0 |  0 |
| Y1 |   0 |  0 |
| Y0 |  32 |  0 |
+----+-----+----+



# Location of BUFG Primitives 
set_property LOC BUFGCTRL_X0Y10 [get_cells n_4_2418_BUFG_inst]
set_property LOC BUFGCTRL_X0Y9 [get_cells n_3_4107_BUFG_inst]
set_property LOC BUFGCTRL_X0Y8 [get_cells n_2_3677_BUFG_inst]
set_property LOC BUFGCTRL_X0Y7 [get_cells n_1_7282_BUFG_inst]
set_property LOC BUFGCTRL_X0Y6 [get_cells n_0_2471_BUFG_inst]
set_property LOC BUFGCTRL_X0Y16 [get_cells clk_in_IBUF_BUFG_inst]
set_property LOC BUFGCTRL_X0Y0 [get_cells clk_BUFG_inst]
set_property LOC BUFGCTRL_X0Y2 [get_cells o_compare_reg[31]_i_2]
set_property LOC BUFGCTRL_X0Y4 [get_cells wb_wd_reg[4]_i_2]
set_property LOC BUFGCTRL_X0Y1 [get_cells cnt_reg[5]_i_3]
set_property LOC BUFGCTRL_X0Y3 [get_cells ex_alusel_reg[2]_i_2]
set_property LOC BUFGCTRL_X0Y5 [get_cells cs_reg_inv_i_1]

# Location of IO Primitives which is load of clock spine

# Location of clock ports
set_property LOC IOB_X1Y126 [get_ports clk_in]

# Clock net "n_4_2418_BUFG" driven by instance "n_4_2418_BUFG_inst" located at site "BUFGCTRL_X0Y10"
#startgroup
create_pblock {CLKAG_n_4_2418_BUFG}
add_cells_to_pblock [get_pblocks  {CLKAG_n_4_2418_BUFG}] [get_cells -filter { PRIMITIVE_GROUP != I/O && IS_PRIMITIVE==1 && PRIMITIVE_LEVEL !=INTERNAL } -of_object [get_pins -filter {DIRECTION==IN} -of_objects [get_nets -hierarchical -filter {PARENT=="n_4_2418_BUFG"}]]]
resize_pblock [get_pblocks {CLKAG_n_4_2418_BUFG}] -add {CLOCKREGION_X0Y0:CLOCKREGION_X0Y0}
#endgroup

# Clock net "n_3_4107_BUFG" driven by instance "n_3_4107_BUFG_inst" located at site "BUFGCTRL_X0Y9"
#startgroup
create_pblock {CLKAG_n_3_4107_BUFG}
add_cells_to_pblock [get_pblocks  {CLKAG_n_3_4107_BUFG}] [get_cells -filter { PRIMITIVE_GROUP != I/O && IS_PRIMITIVE==1 && PRIMITIVE_LEVEL !=INTERNAL } -of_object [get_pins -filter {DIRECTION==IN} -of_objects [get_nets -hierarchical -filter {PARENT=="n_3_4107_BUFG"}]]]
resize_pblock [get_pblocks {CLKAG_n_3_4107_BUFG}] -add {CLOCKREGION_X0Y0:CLOCKREGION_X0Y0}
#endgroup

# Clock net "n_2_3677_BUFG" driven by instance "n_2_3677_BUFG_inst" located at site "BUFGCTRL_X0Y8"
#startgroup
create_pblock {CLKAG_n_2_3677_BUFG}
add_cells_to_pblock [get_pblocks  {CLKAG_n_2_3677_BUFG}] [get_cells -filter { PRIMITIVE_GROUP != I/O && IS_PRIMITIVE==1 && PRIMITIVE_LEVEL !=INTERNAL } -of_object [get_pins -filter {DIRECTION==IN} -of_objects [get_nets -hierarchical -filter {PARENT=="n_2_3677_BUFG"}]]]
resize_pblock [get_pblocks {CLKAG_n_2_3677_BUFG}] -add {CLOCKREGION_X0Y0:CLOCKREGION_X0Y0}
#endgroup

# Clock net "n_1_7282_BUFG" driven by instance "n_1_7282_BUFG_inst" located at site "BUFGCTRL_X0Y7"
#startgroup
create_pblock {CLKAG_n_1_7282_BUFG}
add_cells_to_pblock [get_pblocks  {CLKAG_n_1_7282_BUFG}] [get_cells -filter { PRIMITIVE_GROUP != I/O && IS_PRIMITIVE==1 && PRIMITIVE_LEVEL !=INTERNAL } -of_object [get_pins -filter {DIRECTION==IN} -of_objects [get_nets -hierarchical -filter {PARENT=="n_1_7282_BUFG"}]]]
resize_pblock [get_pblocks {CLKAG_n_1_7282_BUFG}] -add {CLOCKREGION_X0Y0:CLOCKREGION_X0Y0}
#endgroup

# Clock net "n_0_2471_BUFG" driven by instance "n_0_2471_BUFG_inst" located at site "BUFGCTRL_X0Y6"
#startgroup
create_pblock {CLKAG_n_0_2471_BUFG}
add_cells_to_pblock [get_pblocks  {CLKAG_n_0_2471_BUFG}] [get_cells -filter { PRIMITIVE_GROUP != I/O && IS_PRIMITIVE==1 && PRIMITIVE_LEVEL !=INTERNAL } -of_object [get_pins -filter {DIRECTION==IN} -of_objects [get_nets -hierarchical -filter {PARENT=="n_0_2471_BUFG"}]]]
resize_pblock [get_pblocks {CLKAG_n_0_2471_BUFG}] -add {CLOCKREGION_X0Y0:CLOCKREGION_X0Y0}
#endgroup

# Clock net "clk_in_IBUF_BUFG" driven by instance "clk_in_IBUF_BUFG_inst" located at site "BUFGCTRL_X0Y16"
#startgroup
create_pblock {CLKAG_clk_in_IBUF_BUFG}
add_cells_to_pblock [get_pblocks  {CLKAG_clk_in_IBUF_BUFG}] [get_cells -filter { PRIMITIVE_GROUP != I/O && IS_PRIMITIVE==1 && PRIMITIVE_LEVEL !=INTERNAL } -of_object [get_pins -filter {DIRECTION==IN} -of_objects [get_nets -hierarchical -filter {PARENT=="clk_in_IBUF_BUFG"}]]]
resize_pblock [get_pblocks {CLKAG_clk_in_IBUF_BUFG}] -add {CLOCKREGION_X0Y0:CLOCKREGION_X0Y0 CLOCKREGION_X0Y1:CLOCKREGION_X0Y1 CLOCKREGION_X1Y3:CLOCKREGION_X1Y3}
#endgroup

# Clock net "clk_BUFG" driven by instance "clk_BUFG_inst" located at site "BUFGCTRL_X0Y0"
#startgroup
create_pblock {CLKAG_clk_BUFG}
add_cells_to_pblock [get_pblocks  {CLKAG_clk_BUFG}] [get_cells -filter { PRIMITIVE_GROUP != I/O && IS_PRIMITIVE==1 && PRIMITIVE_LEVEL !=INTERNAL } -of_object [get_pins -filter {DIRECTION==IN} -of_objects [get_nets -hierarchical -filter {PARENT=="clk_BUFG"}]]]
resize_pblock [get_pblocks {CLKAG_clk_BUFG}] -add {CLOCKREGION_X0Y0:CLOCKREGION_X0Y0 CLOCKREGION_X0Y1:CLOCKREGION_X0Y1 CLOCKREGION_X0Y2:CLOCKREGION_X0Y2 CLOCKREGION_X1Y0:CLOCKREGION_X1Y0}
#endgroup

# Clock net "clk5" driven by instance "o_compare_reg[31]_i_2" located at site "BUFGCTRL_X0Y2"
#startgroup
create_pblock {CLKAG_clk5}
add_cells_to_pblock [get_pblocks  {CLKAG_clk5}] [get_cells -filter { PRIMITIVE_GROUP != I/O && IS_PRIMITIVE==1 && PRIMITIVE_LEVEL !=INTERNAL } -of_object [get_pins -filter {DIRECTION==IN} -of_objects [get_nets -hierarchical -filter {PARENT=="clk5"}]]]
resize_pblock [get_pblocks {CLKAG_clk5}] -add {CLOCKREGION_X0Y0:CLOCKREGION_X0Y0}
#endgroup

# Clock net "clk4" driven by instance "wb_wd_reg[4]_i_2" located at site "BUFGCTRL_X0Y4"
#startgroup
create_pblock {CLKAG_clk4}
add_cells_to_pblock [get_pblocks  {CLKAG_clk4}] [get_cells -filter { PRIMITIVE_GROUP != I/O && IS_PRIMITIVE==1 && PRIMITIVE_LEVEL !=INTERNAL } -of_object [get_pins -filter {DIRECTION==IN} -of_objects [get_nets -hierarchical -filter {PARENT=="clk4"}]]]
resize_pblock [get_pblocks {CLKAG_clk4}] -add {CLOCKREGION_X0Y0:CLOCKREGION_X0Y0 CLOCKREGION_X1Y0:CLOCKREGION_X1Y0}
#endgroup

# Clock net "clk3" driven by instance "cnt_reg[5]_i_3" located at site "BUFGCTRL_X0Y1"
#startgroup
create_pblock {CLKAG_clk3}
add_cells_to_pblock [get_pblocks  {CLKAG_clk3}] [get_cells -filter { PRIMITIVE_GROUP != I/O && IS_PRIMITIVE==1 && PRIMITIVE_LEVEL !=INTERNAL } -of_object [get_pins -filter {DIRECTION==IN} -of_objects [get_nets -hierarchical -filter {PARENT=="clk3"}]]]
resize_pblock [get_pblocks {CLKAG_clk3}] -add {CLOCKREGION_X0Y0:CLOCKREGION_X0Y0 CLOCKREGION_X1Y0:CLOCKREGION_X1Y0}
#endgroup

# Clock net "clk2" driven by instance "ex_alusel_reg[2]_i_2" located at site "BUFGCTRL_X0Y3"
#startgroup
create_pblock {CLKAG_clk2}
add_cells_to_pblock [get_pblocks  {CLKAG_clk2}] [get_cells -filter { PRIMITIVE_GROUP != I/O && IS_PRIMITIVE==1 && PRIMITIVE_LEVEL !=INTERNAL } -of_object [get_pins -filter {DIRECTION==IN} -of_objects [get_nets -hierarchical -filter {PARENT=="clk2"}]]]
resize_pblock [get_pblocks {CLKAG_clk2}] -add {CLOCKREGION_X0Y0:CLOCKREGION_X0Y0 CLOCKREGION_X1Y0:CLOCKREGION_X1Y0}
#endgroup

# Clock net "clk1" driven by instance "cs_reg_inv_i_1" located at site "BUFGCTRL_X0Y5"
#startgroup
create_pblock {CLKAG_clk1}
add_cells_to_pblock [get_pblocks  {CLKAG_clk1}] [get_cells -filter { PRIMITIVE_GROUP != I/O && IS_PRIMITIVE==1 && PRIMITIVE_LEVEL !=INTERNAL } -of_object [get_pins -filter {DIRECTION==IN} -of_objects [get_nets -hierarchical -filter {PARENT=="clk1"}]]]
resize_pblock [get_pblocks {CLKAG_clk1}] -add {CLOCKREGION_X0Y0:CLOCKREGION_X0Y0}
#endgroup
