#-----------------------------------------------------------
# Vivado v2016.2 (64-bit)
# SW Build 1577090 on Thu Jun  2 16:32:40 MDT 2016
# IP Build 1577682 on Fri Jun  3 12:00:54 MDT 2016
# Start of session at: Tue Dec 06 00:31:22 2022
# Process ID: 21312
# Current directory: D:/desktop/liuyi/MIPS_CPU
# Command line: vivado.exe -gui_launcher_event rodinguilauncherevent7068 D:\desktop\liuyi\MIPS_CPU\CPU54.xpr
# Log file: D:/desktop/liuyi/MIPS_CPU/vivado.log
# Journal file: D:/desktop/liuyi/MIPS_CPU\vivado.jou
#-----------------------------------------------------------
start_gui
open_project D:/desktop/liuyi/MIPS_CPU/CPU54.xpr
INFO: [Project 1-313] Project file moved from 'D:/desktop/MIPS_CPU' since last save.
Scanning sources...
Finished scanning sources
INFO: [IP_Flow 19-234] Refreshing IP repositories
INFO: [IP_Flow 19-1704] No user IP repositories specified
INFO: [IP_Flow 19-2313] Loaded Vivado IP repository 'D:/Vivado/2016.2/data/ip'.
exit
INFO: [Common 17-206] Exiting Vivado at Tue Dec 06 00:31:59 2022...
