#-----------------------------------------------------------
# Vivado v2016.2 (64-bit)
# SW Build 1577090 on Thu Jun  2 16:32:40 MDT 2016
# IP Build 1577682 on Fri Jun  3 12:00:54 MDT 2016
# Start of session at: Tue Dec 06 00:37:19 2022
# Process ID: 19708
# Current directory: D:/desktop/MIPS_CPU
# Command line: vivado.exe -gui_launcher_event rodinguilauncherevent1656 D:\desktop\MIPS_CPU\CPU54.xpr
# Log file: D:/desktop/MIPS_CPU/vivado.log
# Journal file: D:/desktop/MIPS_CPU\vivado.jou
#-----------------------------------------------------------
start_gui
open_project D:/desktop/MIPS_CPU/CPU54.xpr
Scanning sources...
Finished scanning sources
INFO: [IP_Flow 19-234] Refreshing IP repositories
INFO: [IP_Flow 19-1704] No user IP repositories specified
INFO: [IP_Flow 19-2313] Loaded Vivado IP repository 'D:/Vivado/2016.2/data/ip'.
open_project: Time (s): cpu = 00:00:14 ; elapsed = 00:00:05 . Memory (MB): peak = 927.961 ; gain = 171.313
close [ open D:/desktop/MIPS_CPU/CPU54.srcs/sources_1/new/spm.v w ]
add_files D:/desktop/MIexit
INFO: [Common 17-206] Exiting Vivado at Tue Dec 06 00:41:29 2022...
