#-----------------------------------------------------------
# Vivado v2016.2 (64-bit)
# SW Build 1577090 on Thu Jun  2 16:32:40 MDT 2016
# IP Build 1577682 on Fri Jun  3 12:00:54 MDT 2016
# Start of session at: Sat Nov 19 16:35:03 2022
# Process ID: 27132
# Current directory: D:/desktop/MIPS_CPU
# Command line: vivado.exe -gui_launcher_event rodinguilauncherevent29880 D:\desktop\MIPS_CPU\CPU54.xpr
# Log file: D:/desktop/MIPS_CPU/vivado.log
# Journal file: D:/desktop/MIPS_CPU\vivado.jou
#-----------------------------------------------------------
start_gui
open_project D:/desktop/MIPS_CPU/CPU54.xpr
Scanning sources...
Finished scanning sources
INFO: [IP_Flow 19-234] Refreshing IP repositories
INFO: [IP_Flow 19-1704] No user IP repositories specified
INFO: [IP_Flow 19-2313] Loaded Vivado IP repository 'D:/Vivado/2016.2/data/ip'.
update_compile_order -fileset sources_1
exit
INFO: [Common 17-206] Exiting Vivado at Sat Nov 19 22:27:49 2022...
