#-----------------------------------------------------------
# Vivado v2016.2 (64-bit)
# SW Build 1577090 on Thu Jun  2 16:32:40 MDT 2016
# IP Build 1577682 on Fri Jun  3 12:00:54 MDT 2016
# Start of session at: Sat Dec 10 09:47:36 2022
# Process ID: 4004
# Current directory: D:/desktop/MIPS_CPU
# Command line: vivado.exe -gui_launcher_event rodinguilauncherevent12968 D:\desktop\MIPS_CPU\CPU54.xpr
# Log file: D:/desktop/MIPS_CPU/vivado.log
# Journal file: D:/desktop/MIPS_CPU\vivado.jou
#-----------------------------------------------------------
start_gui
open_project D:/desktop/MIPS_CPU/CPU54.xpr
Scanning sources...
Finished scanning sources
INFO: [IP_Flow 19-234] Refreshing IP repositories
INFO: [IP_Flow 19-1704] No user IP repositories specified
INFO: [IP_Flow 19-2313] Loaded Vivado IP repository 'D:/Vivado/2016.2/data/ip'.
open_project: Time (s): cpu = 00:00:17 ; elapsed = 00:00:07 . Memory (MB): peak = 897.629 ; gain = 137.984
synth_design -rtl -name rtl_1
Command: synth_design -rtl -name rtl_1
Starting synth_design
Using part: xc7a100tcsg324-1
Top: openmips_min_sopc
---------------------------------------------------------------------------------
Starting RTL Elaboration : Time (s): cpu = 00:00:51 ; elapsed = 00:00:38 . Memory (MB): peak = 943.582 ; gain = 736.344
---------------------------------------------------------------------------------
INFO: [Synth 8-638] synthesizing module 'openmips_min_sopc' [D:/desktop/MIPS_CPU/CPU54.srcs/sources_1/new/openmips_min_sopc.v:23]
INFO: [Synth 8-638] synthesizing module 'openmips' [D:/desktop/MIPS_CPU/CPU54.srcs/sources_1/new/openmips.v:24]
INFO: [Synth 8-638] synthesizing module 'PC' [D:/desktop/MIPS_CPU/CPU54.srcs/sources_1/new/pc.v:25]
INFO: [Synth 8-256] done synthesizing module 'PC' (1#1) [D:/desktop/MIPS_CPU/CPU54.srcs/sources_1/new/pc.v:25]
INFO: [Synth 8-638] synthesizing module 'IF_ID' [D:/desktop/MIPS_CPU/CPU54.srcs/sources_1/new/IF_ID.v:25]
INFO: [Synth 8-256] done synthesizing module 'IF_ID' (2#1) [D:/desktop/MIPS_CPU/CPU54.srcs/sources_1/new/IF_ID.v:25]
INFO: [Synth 8-638] synthesizing module 'ID' [D:/desktop/MIPS_CPU/CPU54.srcs/sources_1/new/ID.v:24]
INFO: [Synth 8-256] done synthesizing module 'ID' (3#1) [D:/desktop/MIPS_CPU/CPU54.srcs/sources_1/new/ID.v:24]
INFO: [Synth 8-638] synthesizing module 'regfile' [D:/desktop/MIPS_CPU/CPU54.srcs/sources_1/new/regfile.v:24]
INFO: [Synth 8-256] done synthesizing module 'regfile' (4#1) [D:/desktop/MIPS_CPU/CPU54.srcs/sources_1/new/regfile.v:24]
INFO: [Synth 8-638] synthesizing module 'ID_EX' [D:/desktop/MIPS_CPU/CPU54.srcs/sources_1/new/ID_EX.v:24]
INFO: [Synth 8-256] done synthesizing module 'ID_EX' (5#1) [D:/desktop/MIPS_CPU/CPU54.srcs/sources_1/new/ID_EX.v:24]
INFO: [Synth 8-638] synthesizing module 'EX' [D:/desktop/MIPS_CPU/CPU54.srcs/sources_1/new/EX.v:23]
INFO: [Synth 8-256] done synthesizing module 'EX' (6#1) [D:/desktop/MIPS_CPU/CPU54.srcs/sources_1/new/EX.v:23]
INFO: [Synth 8-638] synthesizing module 'EX_MEM' [D:/desktop/MIPS_CPU/CPU54.srcs/sources_1/new/EX_MEM.v:25]
INFO: [Synth 8-256] done synthesizing module 'EX_MEM' (7#1) [D:/desktop/MIPS_CPU/CPU54.srcs/sources_1/new/EX_MEM.v:25]
INFO: [Synth 8-638] synthesizing module 'MEM' [D:/desktop/MIPS_CPU/CPU54.srcs/sources_1/new/MEM.v:24]
INFO: [Synth 8-226] default block is never used [D:/desktop/MIPS_CPU/CPU54.srcs/sources_1/new/MEM.v:158]
INFO: [Synth 8-226] default block is never used [D:/desktop/MIPS_CPU/CPU54.srcs/sources_1/new/MEM.v:186]
INFO: [Synth 8-226] default block is never used [D:/desktop/MIPS_CPU/CPU54.srcs/sources_1/new/MEM.v:263]
INFO: [Synth 8-226] default block is never used [D:/desktop/MIPS_CPU/CPU54.srcs/sources_1/new/MEM.v:288]
INFO: [Synth 8-226] default block is never used [D:/desktop/MIPS_CPU/CPU54.srcs/sources_1/new/MEM.v:322]
INFO: [Synth 8-226] default block is never used [D:/desktop/MIPS_CPU/CPU54.srcs/sources_1/new/MEM.v:373]
INFO: [Synth 8-226] default block is never used [D:/desktop/MIPS_CPU/CPU54.srcs/sources_1/new/MEM.v:400]
INFO: [Synth 8-256] done synthesizing module 'MEM' (8#1) [D:/desktop/MIPS_CPU/CPU54.srcs/sources_1/new/MEM.v:24]
INFO: [Synth 8-638] synthesizing module 'MEM_WB' [D:/desktop/MIPS_CPU/CPU54.srcs/sources_1/new/MEM_WB.v:24]
INFO: [Synth 8-256] done synthesizing module 'MEM_WB' (9#1) [D:/desktop/MIPS_CPU/CPU54.srcs/sources_1/new/MEM_WB.v:24]
INFO: [Synth 8-638] synthesizing module 'HILO' [D:/desktop/MIPS_CPU/CPU54.srcs/sources_1/new/HILO.v:24]
INFO: [Synth 8-256] done synthesizing module 'HILO' (10#1) [D:/desktop/MIPS_CPU/CPU54.srcs/sources_1/new/HILO.v:24]
INFO: [Synth 8-638] synthesizing module 'CTRL' [D:/desktop/MIPS_CPU/CPU54.srcs/sources_1/new/CTRL.v:23]
INFO: [Synth 8-256] done synthesizing module 'CTRL' (11#1) [D:/desktop/MIPS_CPU/CPU54.srcs/sources_1/new/CTRL.v:23]
INFO: [Synth 8-638] synthesizing module 'DIV' [D:/desktop/MIPS_CPU/CPU54.srcs/sources_1/new/DIV.v:24]
INFO: [Synth 8-256] done synthesizing module 'DIV' (12#1) [D:/desktop/MIPS_CPU/CPU54.srcs/sources_1/new/DIV.v:24]
INFO: [Synth 8-638] synthesizing module 'LLbit' [D:/desktop/MIPS_CPU/CPU54.srcs/sources_1/new/LLbit.v:23]
INFO: [Synth 8-256] done synthesizing module 'LLbit' (13#1) [D:/desktop/MIPS_CPU/CPU54.srcs/sources_1/new/LLbit.v:23]
INFO: [Synth 8-638] synthesizing module 'CP0' [D:/desktop/MIPS_CPU/CPU54.srcs/sources_1/new/CP0.v:24]
INFO: [Synth 8-256] done synthesizing module 'CP0' (14#1) [D:/desktop/MIPS_CPU/CPU54.srcs/sources_1/new/CP0.v:24]
WARNING: [Synth 8-350] instance 'CP0_0' of module 'CP0' requires 20 connections, but only 19 given [D:/desktop/MIPS_CPU/CPU54.srcs/sources_1/new/openmips.v:659]
INFO: [Synth 8-638] synthesizing module 'wishbone_bus_if' [D:/desktop/MIPS_CPU/CPU54.srcs/sources_1/new/wishbone_bus_if.v:23]
INFO: [Synth 8-256] done synthesizing module 'wishbone_bus_if' (15#1) [D:/desktop/MIPS_CPU/CPU54.srcs/sources_1/new/wishbone_bus_if.v:23]
INFO: [Synth 8-256] done synthesizing module 'openmips' (16#1) [D:/desktop/MIPS_CPU/CPU54.srcs/sources_1/new/openmips.v:24]
INFO: [Synth 8-638] synthesizing module 'inst_rom' [D:/desktop/MIPS_CPU/CPU54.srcs/sources_1/new/inst_rom.v:24]
INFO: [Synth 8-3876] $readmem data file 'D:/desktop/MIPS_CPU/CPU54.srcs/sources_1/new/inst_rom.data' is read successfully [D:/desktop/MIPS_CPU/CPU54.srcs/sources_1/new/inst_rom.v:33]
INFO: [Synth 8-256] done synthesizing module 'inst_rom' (17#1) [D:/desktop/MIPS_CPU/CPU54.srcs/sources_1/new/inst_rom.v:24]
INFO: [Synth 8-638] synthesizing module 'data_ram' [D:/desktop/MIPS_CPU/CPU54.srcs/sources_1/new/data_ram.v:24]
INFO: [Synth 8-256] done synthesizing module 'data_ram' (18#1) [D:/desktop/MIPS_CPU/CPU54.srcs/sources_1/new/data_ram.v:24]
INFO: [Synth 8-256] done synthesizing module 'openmips_min_sopc' (19#1) [D:/desktop/MIPS_CPU/CPU54.srcs/sources_1/new/openmips_min_sopc.v:23]
WARNING: [Synth 8-3331] design data_ram has unconnected port addr[31]
WARNING: [Synth 8-3331] design data_ram has unconnected port addr[30]
WARNING: [Synth 8-3331] design data_ram has unconnected port addr[29]
WARNING: [Synth 8-3331] design data_ram has unconnected port addr[28]
WARNING: [Synth 8-3331] design data_ram has unconnected port addr[27]
WARNING: [Synth 8-3331] design data_ram has unconnected port addr[26]
WARNING: [Synth 8-3331] design data_ram has unconnected port addr[25]
WARNING: [Synth 8-3331] design data_ram has unconnected port addr[24]
WARNING: [Synth 8-3331] design data_ram has unconnected port addr[23]
WARNING: [Synth 8-3331] design data_ram has unconnected port addr[22]
WARNING: [Synth 8-3331] design data_ram has unconnected port addr[21]
WARNING: [Synth 8-3331] design data_ram has unconnected port addr[20]
WARNING: [Synth 8-3331] design data_ram has unconnected port addr[19]
WARNING: [Synth 8-3331] design data_ram has unconnected port addr[18]
WARNING: [Synth 8-3331] design data_ram has unconnected port addr[17]
WARNING: [Synth 8-3331] design data_ram has unconnected port addr[1]
WARNING: [Synth 8-3331] design data_ram has unconnected port addr[0]
WARNING: [Synth 8-3331] design inst_rom has unconnected port addr[31]
WARNING: [Synth 8-3331] design inst_rom has unconnected port addr[30]
WARNING: [Synth 8-3331] design inst_rom has unconnected port addr[29]
WARNING: [Synth 8-3331] design inst_rom has unconnected port addr[28]
WARNING: [Synth 8-3331] design inst_rom has unconnected port addr[27]
WARNING: [Synth 8-3331] design inst_rom has unconnected port addr[26]
WARNING: [Synth 8-3331] design inst_rom has unconnected port addr[25]
WARNING: [Synth 8-3331] design inst_rom has unconnected port addr[24]
WARNING: [Synth 8-3331] design inst_rom has unconnected port addr[23]
WARNING: [Synth 8-3331] design inst_rom has unconnected port addr[22]
WARNING: [Synth 8-3331] design inst_rom has unconnected port addr[21]
WARNING: [Synth 8-3331] design inst_rom has unconnected port addr[20]
WARNING: [Synth 8-3331] design inst_rom has unconnected port addr[19]
WARNING: [Synth 8-3331] design inst_rom has unconnected port addr[18]
WARNING: [Synth 8-3331] design inst_rom has unconnected port addr[1]
WARNING: [Synth 8-3331] design inst_rom has unconnected port addr[0]
WARNING: [Synth 8-3331] design CTRL has unconnected port stallreq_from_mem
WARNING: [Synth 8-3331] design MEM_WB has unconnected port stall[3]
WARNING: [Synth 8-3331] design MEM_WB has unconnected port stall[2]
WARNING: [Synth 8-3331] design MEM_WB has unconnected port stall[1]
WARNING: [Synth 8-3331] design MEM_WB has unconnected port stall[0]
WARNING: [Synth 8-3331] design MEM has unconnected port excepttype[31]
WARNING: [Synth 8-3331] design MEM has unconnected port excepttype[30]
WARNING: [Synth 8-3331] design MEM has unconnected port excepttype[29]
WARNING: [Synth 8-3331] design MEM has unconnected port excepttype[28]
WARNING: [Synth 8-3331] design MEM has unconnected port excepttype[27]
WARNING: [Synth 8-3331] design MEM has unconnected port excepttype[26]
WARNING: [Synth 8-3331] design MEM has unconnected port excepttype[25]
WARNING: [Synth 8-3331] design MEM has unconnected port excepttype[24]
WARNING: [Synth 8-3331] design MEM has unconnected port excepttype[23]
WARNING: [Synth 8-3331] design MEM has unconnected port excepttype[22]
WARNING: [Synth 8-3331] design MEM has unconnected port excepttype[21]
WARNING: [Synth 8-3331] design MEM has unconnected port excepttype[20]
WARNING: [Synth 8-3331] design MEM has unconnected port excepttype[19]
WARNING: [Synth 8-3331] design MEM has unconnected port excepttype[18]
WARNING: [Synth 8-3331] design MEM has unconnected port excepttype[17]
WARNING: [Synth 8-3331] design MEM has unconnected port excepttype[16]
WARNING: [Synth 8-3331] design MEM has unconnected port excepttype[15]
WARNING: [Synth 8-3331] design MEM has unconnected port excepttype[14]
WARNING: [Synth 8-3331] design MEM has unconnected port excepttype[7]
WARNING: [Synth 8-3331] design MEM has unconnected port excepttype[6]
WARNING: [Synth 8-3331] design MEM has unconnected port excepttype[5]
WARNING: [Synth 8-3331] design MEM has unconnected port excepttype[4]
WARNING: [Synth 8-3331] design MEM has unconnected port excepttype[3]
WARNING: [Synth 8-3331] design MEM has unconnected port excepttype[2]
WARNING: [Synth 8-3331] design MEM has unconnected port excepttype[1]
WARNING: [Synth 8-3331] design MEM has unconnected port excepttype[0]
WARNING: [Synth 8-3331] design EX_MEM has unconnected port stall[5]
WARNING: [Synth 8-3331] design EX_MEM has unconnected port stall[2]
WARNING: [Synth 8-3331] design EX_MEM has unconnected port stall[1]
WARNING: [Synth 8-3331] design EX_MEM has unconnected port stall[0]
WARNING: [Synth 8-3331] design EX has unconnected port inst[31]
WARNING: [Synth 8-3331] design EX has unconnected port inst[30]
WARNING: [Synth 8-3331] design EX has unconnected port inst[29]
WARNING: [Synth 8-3331] design EX has unconnected port inst[28]
WARNING: [Synth 8-3331] design EX has unconnected port inst[27]
WARNING: [Synth 8-3331] design EX has unconnected port inst[26]
WARNING: [Synth 8-3331] design EX has unconnected port inst[25]
WARNING: [Synth 8-3331] design EX has unconnected port inst[24]
WARNING: [Synth 8-3331] design EX has unconnected port inst[23]
WARNING: [Synth 8-3331] design EX has unconnected port inst[22]
WARNING: [Synth 8-3331] design EX has unconnected port inst[21]
WARNING: [Synth 8-3331] design EX has unconnected port inst[20]
WARNING: [Synth 8-3331] design EX has unconnected port inst[19]
WARNING: [Synth 8-3331] design EX has unconnected port inst[18]
WARNING: [Synth 8-3331] design EX has unconnected port inst[17]
WARNING: [Synth 8-3331] design EX has unconnected port inst[16]
WARNING: [Synth 8-3331] design EX has unconnected port excepttype[11]
WARNING: [Synth 8-3331] design EX has unconnected port excepttype[10]
WARNING: [Synth 8-3331] design EX has unconnected port excepttype[7]
WARNING: [Synth 8-3331] design EX has unconnected port excepttype[6]
WARNING: [Synth 8-3331] design EX has unconnected port excepttype[5]
WARNING: [Synth 8-3331] design EX has unconnected port excepttype[4]
WARNING: [Synth 8-3331] design EX has unconnected port excepttype[3]
WARNING: [Synth 8-3331] design EX has unconnected port excepttype[2]
WARNING: [Synth 8-3331] design EX has unconnected port excepttype[1]
WARNING: [Synth 8-3331] design EX has unconnected port excepttype[0]
WARNING: [Synth 8-3331] design ID_EX has unconnected port stall[5]
WARNING: [Synth 8-3331] design ID_EX has unconnected port stall[4]
WARNING: [Synth 8-3331] design ID_EX has unconnected port stall[1]
WARNING: [Synth 8-3331] design ID_EX has unconnected port stall[0]
WARNING: [Synth 8-3331] design IF_ID has unconnected port stall[5]
WARNING: [Synth 8-3331] design IF_ID has unconnected port stall[4]
INFO: [Common 17-14] Message 'Synth 8-3331' appears 100 times and further instances of the messages will be disabled. Use the Tcl command set_msg_config to change the current settings.
---------------------------------------------------------------------------------
Finished RTL Elaboration : Time (s): cpu = 00:00:54 ; elapsed = 00:00:40 . Memory (MB): peak = 972.191 ; gain = 764.953
---------------------------------------------------------------------------------

Report Check Netlist: 
+------+------------------+-------+---------+-------+------------------+
|      |Item              |Errors |Warnings |Status |Description       |
+------+------------------+-------+---------+-------+------------------+
|1     |multi_driven_nets |      0|        0|Passed |Multi driven nets |
+------+------------------+-------+---------+-------+------------------+
---------------------------------------------------------------------------------
Finished RTL Optimization Phase 1 : Time (s): cpu = 00:00:55 ; elapsed = 00:00:41 . Memory (MB): peak = 972.191 ; gain = 764.953
---------------------------------------------------------------------------------
WARNING: [filemgmt 56-147] Overwrite of existing file isn't enabled.  Please specify -force to overwrite file  [D:/desktop/MIPS_CPU/.Xil/Vivado-4004-LAPTOP-RHBK633D/imem/imem.dcp]
INFO: [Device 21-403] Loading part xc7a100tcsg324-1
INFO: [Project 1-570] Preparing netlist for logic optimization

Processing XDC Constraints
Initializing timing engine
Parsing XDC File [D:/desktop/MIPS_CPU/CPU54.srcs/constrs_1/new/icf.xdc]
WARNING: [Vivado 12-584] No ports matched 'clk_in'. [D:/desktop/MIPS_CPU/CPU54.srcs/constrs_1/new/icf.xdc:1]
CRITICAL WARNING: [Common 17-55] 'set_property' expects at least one object. [D:/desktop/MIPS_CPU/CPU54.srcs/constrs_1/new/icf.xdc:1]
Resolution: If [get_<value>] was used to populate the object, check to make sure this command returns at least one valid object.
WARNING: [Vivado 12-584] No ports matched 'o_seg[0]'. [D:/desktop/MIPS_CPU/CPU54.srcs/constrs_1/new/icf.xdc:4]
CRITICAL WARNING: [Common 17-55] 'set_property' expects at least one object. [D:/desktop/MIPS_CPU/CPU54.srcs/constrs_1/new/icf.xdc:4]
Resolution: If [get_<value>] was used to populate the object, check to make sure this command returns at least one valid object.
WARNING: [Vivado 12-584] No ports matched 'o_seg[1]'. [D:/desktop/MIPS_CPU/CPU54.srcs/constrs_1/new/icf.xdc:5]
CRITICAL WARNING: [Common 17-55] 'set_property' expects at least one object. [D:/desktop/MIPS_CPU/CPU54.srcs/constrs_1/new/icf.xdc:5]
Resolution: If [get_<value>] was used to populate the object, check to make sure this command returns at least one valid object.
WARNING: [Vivado 12-584] No ports matched 'o_seg[2]'. [D:/desktop/MIPS_CPU/CPU54.srcs/constrs_1/new/icf.xdc:6]
CRITICAL WARNING: [Common 17-55] 'set_property' expects at least one object. [D:/desktop/MIPS_CPU/CPU54.srcs/constrs_1/new/icf.xdc:6]
Resolution: If [get_<value>] was used to populate the object, check to make sure this command returns at least one valid object.
WARNING: [Vivado 12-584] No ports matched 'o_seg[3]'. [D:/desktop/MIPS_CPU/CPU54.srcs/constrs_1/new/icf.xdc:7]
CRITICAL WARNING: [Common 17-55] 'set_property' expects at least one object. [D:/desktop/MIPS_CPU/CPU54.srcs/constrs_1/new/icf.xdc:7]
Resolution: If [get_<value>] was used to populate the object, check to make sure this command returns at least one valid object.
WARNING: [Vivado 12-584] No ports matched 'o_seg[4]'. [D:/desktop/MIPS_CPU/CPU54.srcs/constrs_1/new/icf.xdc:8]
CRITICAL WARNING: [Common 17-55] 'set_property' expects at least one object. [D:/desktop/MIPS_CPU/CPU54.srcs/constrs_1/new/icf.xdc:8]
Resolution: If [get_<value>] was used to populate the object, check to make sure this command returns at least one valid object.
WARNING: [Vivado 12-584] No ports matched 'o_seg[5]'. [D:/desktop/MIPS_CPU/CPU54.srcs/constrs_1/new/icf.xdc:9]
CRITICAL WARNING: [Common 17-55] 'set_property' expects at least one object. [D:/desktop/MIPS_CPU/CPU54.srcs/constrs_1/new/icf.xdc:9]
Resolution: If [get_<value>] was used to populate the object, check to make sure this command returns at least one valid object.
WARNING: [Vivado 12-584] No ports matched 'o_seg[6]'. [D:/desktop/MIPS_CPU/CPU54.srcs/constrs_1/new/icf.xdc:10]
CRITICAL WARNING: [Common 17-55] 'set_property' expects at least one object. [D:/desktop/MIPS_CPU/CPU54.srcs/constrs_1/new/icf.xdc:10]
Resolution: If [get_<value>] was used to populate the object, check to make sure this command returns at least one valid object.
WARNING: [Vivado 12-584] No ports matched 'o_seg[7]'. [D:/desktop/MIPS_CPU/CPU54.srcs/constrs_1/new/icf.xdc:11]
CRITICAL WARNING: [Common 17-55] 'set_property' expects at least one object. [D:/desktop/MIPS_CPU/CPU54.srcs/constrs_1/new/icf.xdc:11]
Resolution: If [get_<value>] was used to populate the object, check to make sure this command returns at least one valid object.
WARNING: [Vivado 12-584] No ports matched 'o_sel[0]'. [D:/desktop/MIPS_CPU/CPU54.srcs/constrs_1/new/icf.xdc:13]
CRITICAL WARNING: [Common 17-55] 'set_property' expects at least one object. [D:/desktop/MIPS_CPU/CPU54.srcs/constrs_1/new/icf.xdc:13]
Resolution: If [get_<value>] was used to populate the object, check to make sure this command returns at least one valid object.
WARNING: [Vivado 12-584] No ports matched 'o_sel[1]'. [D:/desktop/MIPS_CPU/CPU54.srcs/constrs_1/new/icf.xdc:14]
CRITICAL WARNING: [Common 17-55] 'set_property' expects at least one object. [D:/desktop/MIPS_CPU/CPU54.srcs/constrs_1/new/icf.xdc:14]
Resolution: If [get_<value>] was used to populate the object, check to make sure this command returns at least one valid object.
WARNING: [Vivado 12-584] No ports matched 'o_sel[2]'. [D:/desktop/MIPS_CPU/CPU54.srcs/constrs_1/new/icf.xdc:15]
CRITICAL WARNING: [Common 17-55] 'set_property' expects at least one object. [D:/desktop/MIPS_CPU/CPU54.srcs/constrs_1/new/icf.xdc:15]
Resolution: If [get_<value>] was used to populate the object, check to make sure this command returns at least one valid object.
WARNING: [Vivado 12-584] No ports matched 'o_sel[3]'. [D:/desktop/MIPS_CPU/CPU54.srcs/constrs_1/new/icf.xdc:16]
CRITICAL WARNING: [Common 17-55] 'set_property' expects at least one object. [D:/desktop/MIPS_CPU/CPU54.srcs/constrs_1/new/icf.xdc:16]
Resolution: If [get_<value>] was used to populate the object, check to make sure this command returns at least one valid object.
WARNING: [Vivado 12-584] No ports matched 'o_sel[4]'. [D:/desktop/MIPS_CPU/CPU54.srcs/constrs_1/new/icf.xdc:17]
CRITICAL WARNING: [Common 17-55] 'set_property' expects at least one object. [D:/desktop/MIPS_CPU/CPU54.srcs/constrs_1/new/icf.xdc:17]
Resolution: If [get_<value>] was used to populate the object, check to make sure this command returns at least one valid object.
WARNING: [Vivado 12-584] No ports matched 'o_sel[5]'. [D:/desktop/MIPS_CPU/CPU54.srcs/constrs_1/new/icf.xdc:18]
CRITICAL WARNING: [Common 17-55] 'set_property' expects at least one object. [D:/desktop/MIPS_CPU/CPU54.srcs/constrs_1/new/icf.xdc:18]
Resolution: If [get_<value>] was used to populate the object, check to make sure this command returns at least one valid object.
WARNING: [Vivado 12-584] No ports matched 'o_sel[6]'. [D:/desktop/MIPS_CPU/CPU54.srcs/constrs_1/new/icf.xdc:19]
CRITICAL WARNING: [Common 17-55] 'set_property' expects at least one object. [D:/desktop/MIPS_CPU/CPU54.srcs/constrs_1/new/icf.xdc:19]
Resolution: If [get_<value>] was used to populate the object, check to make sure this command returns at least one valid object.
WARNING: [Vivado 12-584] No ports matched 'o_sel[7]'. [D:/desktop/MIPS_CPU/CPU54.srcs/constrs_1/new/icf.xdc:20]
CRITICAL WARNING: [Common 17-55] 'set_property' expects at least one object. [D:/desktop/MIPS_CPU/CPU54.srcs/constrs_1/new/icf.xdc:20]
Resolution: If [get_<value>] was used to populate the object, check to make sure this command returns at least one valid object.
WARNING: [Vivado 12-584] No ports matched 'o_sel[7]'. [D:/desktop/MIPS_CPU/CPU54.srcs/constrs_1/new/icf.xdc:23]
CRITICAL WARNING: [Common 17-55] 'set_property' expects at least one object. [D:/desktop/MIPS_CPU/CPU54.srcs/constrs_1/new/icf.xdc:23]
Resolution: If [get_<value>] was used to populate the object, check to make sure this command returns at least one valid object.
WARNING: [Vivado 12-584] No ports matched 'o_sel[6]'. [D:/desktop/MIPS_CPU/CPU54.srcs/constrs_1/new/icf.xdc:24]
CRITICAL WARNING: [Common 17-55] 'set_property' expects at least one object. [D:/desktop/MIPS_CPU/CPU54.srcs/constrs_1/new/icf.xdc:24]
Resolution: If [get_<value>] was used to populate the object, check to make sure this command returns at least one valid object.
WARNING: [Vivado 12-584] No ports matched 'o_sel[5]'. [D:/desktop/MIPS_CPU/CPU54.srcs/constrs_1/new/icf.xdc:25]
CRITICAL WARNING: [Common 17-55] 'set_property' expects at least one object. [D:/desktop/MIPS_CPU/CPU54.srcs/constrs_1/new/icf.xdc:25]
Resolution: If [get_<value>] was used to populate the object, check to make sure this command returns at least one valid object.
WARNING: [Vivado 12-584] No ports matched 'o_sel[4]'. [D:/desktop/MIPS_CPU/CPU54.srcs/constrs_1/new/icf.xdc:26]
CRITICAL WARNING: [Common 17-55] 'set_property' expects at least one object. [D:/desktop/MIPS_CPU/CPU54.srcs/constrs_1/new/icf.xdc:26]
Resolution: If [get_<value>] was used to populate the object, check to make sure this command returns at least one valid object.
WARNING: [Vivado 12-584] No ports matched 'o_sel[3]'. [D:/desktop/MIPS_CPU/CPU54.srcs/constrs_1/new/icf.xdc:27]
CRITICAL WARNING: [Common 17-55] 'set_property' expects at least one object. [D:/desktop/MIPS_CPU/CPU54.srcs/constrs_1/new/icf.xdc:27]
Resolution: If [get_<value>] was used to populate the object, check to make sure this command returns at least one valid object.
WARNING: [Vivado 12-584] No ports matched 'o_sel[2]'. [D:/desktop/MIPS_CPU/CPU54.srcs/constrs_1/new/icf.xdc:28]
CRITICAL WARNING: [Common 17-55] 'set_property' expects at least one object. [D:/desktop/MIPS_CPU/CPU54.srcs/constrs_1/new/icf.xdc:28]
Resolution: If [get_<value>] was used to populate the object, check to make sure this command returns at least one valid object.
WARNING: [Vivado 12-584] No ports matched 'o_sel[1]'. [D:/desktop/MIPS_CPU/CPU54.srcs/constrs_1/new/icf.xdc:29]
CRITICAL WARNING: [Common 17-55] 'set_property' expects at least one object. [D:/desktop/MIPS_CPU/CPU54.srcs/constrs_1/new/icf.xdc:29]
Resolution: If [get_<value>] was used to populate the object, check to make sure this command returns at least one valid object.
WARNING: [Vivado 12-584] No ports matched 'o_sel[0]'. [D:/desktop/MIPS_CPU/CPU54.srcs/constrs_1/new/icf.xdc:30]
CRITICAL WARNING: [Common 17-55] 'set_property' expects at least one object. [D:/desktop/MIPS_CPU/CPU54.srcs/constrs_1/new/icf.xdc:30]
Resolution: If [get_<value>] was used to populate the object, check to make sure this command returns at least one valid object.
WARNING: [Vivado 12-584] No ports matched 'o_seg[7]'. [D:/desktop/MIPS_CPU/CPU54.srcs/constrs_1/new/icf.xdc:32]
CRITICAL WARNING: [Common 17-55] 'set_property' expects at least one object. [D:/desktop/MIPS_CPU/CPU54.srcs/constrs_1/new/icf.xdc:32]
Resolution: If [get_<value>] was used to populate the object, check to make sure this command returns at least one valid object.
WARNING: [Vivado 12-584] No ports matched 'o_seg[6]'. [D:/desktop/MIPS_CPU/CPU54.srcs/constrs_1/new/icf.xdc:33]
CRITICAL WARNING: [Common 17-55] 'set_property' expects at least one object. [D:/desktop/MIPS_CPU/CPU54.srcs/constrs_1/new/icf.xdc:33]
Resolution: If [get_<value>] was used to populate the object, check to make sure this command returns at least one valid object.
WARNING: [Vivado 12-584] No ports matched 'o_seg[5]'. [D:/desktop/MIPS_CPU/CPU54.srcs/constrs_1/new/icf.xdc:34]
CRITICAL WARNING: [Common 17-55] 'set_property' expects at least one object. [D:/desktop/MIPS_CPU/CPU54.srcs/constrs_1/new/icf.xdc:34]
Resolution: If [get_<value>] was used to populate the object, check to make sure this command returns at least one valid object.
WARNING: [Vivado 12-584] No ports matched 'o_seg[4]'. [D:/desktop/MIPS_CPU/CPU54.srcs/constrs_1/new/icf.xdc:35]
CRITICAL WARNING: [Common 17-55] 'set_property' expects at least one object. [D:/desktop/MIPS_CPU/CPU54.srcs/constrs_1/new/icf.xdc:35]
Resolution: If [get_<value>] was used to populate the object, check to make sure this command returns at least one valid object.
WARNING: [Vivado 12-584] No ports matched 'o_seg[3]'. [D:/desktop/MIPS_CPU/CPU54.srcs/constrs_1/new/icf.xdc:36]
CRITICAL WARNING: [Common 17-55] 'set_property' expects at least one object. [D:/desktop/MIPS_CPU/CPU54.srcs/constrs_1/new/icf.xdc:36]
Resolution: If [get_<value>] was used to populate the object, check to make sure this command returns at least one valid object.
WARNING: [Vivado 12-584] No ports matched 'o_seg[2]'. [D:/desktop/MIPS_CPU/CPU54.srcs/constrs_1/new/icf.xdc:37]
CRITICAL WARNING: [Common 17-55] 'set_property' expects at least one object. [D:/desktop/MIPS_CPU/CPU54.srcs/constrs_1/new/icf.xdc:37]
Resolution: If [get_<value>] was used to populate the object, check to make sure this command returns at least one valid object.
WARNING: [Vivado 12-584] No ports matched 'o_seg[1]'. [D:/desktop/MIPS_CPU/CPU54.srcs/constrs_1/new/icf.xdc:38]
CRITICAL WARNING: [Common 17-55] 'set_property' expects at least one object. [D:/desktop/MIPS_CPU/CPU54.srcs/constrs_1/new/icf.xdc:38]
Resolution: If [get_<value>] was used to populate the object, check to make sure this command returns at least one valid object.
WARNING: [Vivado 12-584] No ports matched 'o_seg[0]'. [D:/desktop/MIPS_CPU/CPU54.srcs/constrs_1/new/icf.xdc:39]
CRITICAL WARNING: [Common 17-55] 'set_property' expects at least one object. [D:/desktop/MIPS_CPU/CPU54.srcs/constrs_1/new/icf.xdc:39]
Resolution: If [get_<value>] was used to populate the object, check to make sure this command returns at least one valid object.
WARNING: [Vivado 12-584] No ports matched 'clk_in'. [D:/desktop/MIPS_CPU/CPU54.srcs/constrs_1/new/icf.xdc:42]
CRITICAL WARNING: [Common 17-55] 'set_property' expects at least one object. [D:/desktop/MIPS_CPU/CPU54.srcs/constrs_1/new/icf.xdc:42]
Resolution: If [get_<value>] was used to populate the object, check to make sure this command returns at least one valid object.
WARNING: [Vivado 12-584] No ports matched 'clk_in'. [D:/desktop/MIPS_CPU/CPU54.srcs/constrs_1/new/icf.xdc:44]
CRITICAL WARNING: [Vivado 12-4739] create_clock:No valid object(s) found for '-objects [get_ports clk_in]'. [D:/desktop/MIPS_CPU/CPU54.srcs/constrs_1/new/icf.xdc:44]
Resolution: Check if the specified object(s) exists in the current design. If it does, ensure that the correct design hierarchy was specified for the object. If you are working with clocks, make sure create_clock was used to create the clock object before it is referenced.
WARNING: [Vivado 12-627] No clocks matched '*'. [D:/desktop/MIPS_CPU/CPU54.srcs/constrs_1/new/icf.xdc:45]
INFO: [Vivado 12-626] No clocks found. Please use 'create_clock' or 'create_generated_clock' command to create clocks. [D:/desktop/MIPS_CPU/CPU54.srcs/constrs_1/new/icf.xdc:45]
CRITICAL WARNING: [Vivado 12-4739] set_input_delay:No valid object(s) found for '-clock [get_clocks *]'. [D:/desktop/MIPS_CPU/CPU54.srcs/constrs_1/new/icf.xdc:45]
Resolution: Check if the specified object(s) exists in the current design. If it does, ensure that the correct design hierarchy was specified for the object. If you are working with clocks, make sure create_clock was used to create the clock object before it is referenced.
WARNING: [Vivado 12-627] No clocks matched '*'. [D:/desktop/MIPS_CPU/CPU54.srcs/constrs_1/new/icf.xdc:46]
INFO: [Vivado 12-626] No clocks found. Please use 'create_clock' or 'create_generated_clock' command to create clocks. [D:/desktop/MIPS_CPU/CPU54.srcs/constrs_1/new/icf.xdc:46]
WARNING: [Vivado 12-584] No ports matched '[get_ports -filter { NAME =~  "*" && DIRECTION == "OUT" }]'. [D:/desktop/MIPS_CPU/CPU54.srcs/constrs_1/new/icf.xdc:46]
CRITICAL WARNING: [Vivado 12-4739] set_output_delay:No valid object(s) found for '-objects [get_ports -filter { NAME =~  "*" && DIRECTION == "OUT" }]'. [D:/desktop/MIPS_CPU/CPU54.srcs/constrs_1/new/icf.xdc:46]
Resolution: Check if the specified object(s) exists in the current design. If it does, ensure that the correct design hierarchy was specified for the object. If you are working with clocks, make sure create_clock was used to create the clock object before it is referenced.
Finished Parsing XDC File [D:/desktop/MIPS_CPU/CPU54.srcs/constrs_1/new/icf.xdc]
Completed Processing XDC Constraints

INFO: [Opt 31-138] Pushed 0 inverter(s) to 0 load pin(s).
INFO: [Project 1-111] Unisim Transformation Summary:
No Unisim elements were transformed.

RTL Elaboration Complete:  : Time (s): cpu = 00:01:17 ; elapsed = 00:00:55 . Memory (MB): peak = 1376.094 ; gain = 1168.855
53 Infos, 140 Warnings, 37 Critical Warnings and 0 Errors encountered.
synth_design completed successfully
synth_design: Time (s): cpu = 00:00:31 ; elapsed = 00:00:22 . Memory (MB): peak = 1376.094 ; gain = 432.512
exit
INFO: [Common 17-206] Exiting Vivado at Sat Dec 10 11:24:31 2022...
