#-----------------------------------------------------------
# Vivado v2016.2 (64-bit)
# SW Build 1577090 on Thu Jun  2 16:32:40 MDT 2016
# IP Build 1577682 on Fri Jun  3 12:00:54 MDT 2016
# Start of session at: Sat Nov 19 14:07:17 2022
# Process ID: 10844
# Current directory: D:/desktop/CPU/MIPS_CPU
# Command line: vivado.exe -gui_launcher_event rodinguilauncherevent28572 D:\desktop\CPU\MIPS_CPU\CPU54.xpr
# Log file: D:/desktop/CPU/MIPS_CPU/vivado.log
# Journal file: D:/desktop/CPU/MIPS_CPU\vivado.jou
#-----------------------------------------------------------
start_gui
open_project D:/desktop/CPU/MIPS_CPU/CPU54.xpr
CRITICAL WARNING: [Project 1-19] Could not find the file 'c:/Users/86183/Desktop/mips_54_mars_simulate_student_ForWeb.coe'.
CRITICAL WARNING: [Project 1-19] Could not find the file 'c:/Users/86183/Desktop/mips_54_mars_board_switch_student.coe'.
CRITICAL WARNING: [Project 1-19] Could not find the file 'c:/Users/86183/Desktop/mips_54_mars_simulate_student.coe'.
Scanning sources...
Finished scanning sources
INFO: [IP_Flow 19-234] Refreshing IP repositories
INFO: [IP_Flow 19-1704] No user IP repositories specified
INFO: [IP_Flow 19-2313] Loaded Vivado IP repository 'D:/Vivado/2016.2/data/ip'.
open_project: Time (s): cpu = 00:00:19 ; elapsed = 00:00:07 . Memory (MB): peak = 917.602 ; gain = 185.641
update_compile_order -fileset sources_1
00:00:08 . Memory (MB): peak = 936.324 ; gain = 211.008
update_compile_order -fileset sources_1
