# //  ModelSim SE 10.1c Jul 27 2012 
# //
# //  Copyright 1991-2012 Mentor Graphics Corporation
# //  All Rights Reserved.
# //
# //  THIS WORK CONTAINS TRADE SECRET AND PROPRIETARY INFORMATION
# //  WHICH IS THE PROPERTY OF MENTOR GRAPHICS CORPORATION OR ITS
# //  LICENSORS AND IS SUBJECT TO LICENSE TERMS.
# //
# do {openmips_min_sopc_tb_simulate.do} 
# vsim -L unisims_ver -L unimacro_ver -L secureip -L dist_mem_gen_v8_0_10 -L xil_defaultlib -lib xil_defaultlib -voptargs=\"+acc\" xil_defaultlib.openmips_min_sopc_tb xil_defaultlib.glbl 
# ** Note: (vsim-3812) Design is being optimized...
# 
# ** Note: (vopt-143) Recognized 1 FSM in module "DIV(fast)".
# 
# ** Warning: ../../../CPU54.srcs/sources_1/new/openmips.v(649): (vopt-2685) [TFMPC] - Too few port connections for 'CP0_0'.  Expected 20, found 19.
# 
# ** Warning: ../../../CPU54.srcs/sources_1/new/openmips.v(649): (vopt-2718) [TFMPC] - Missing connection for port 'o_badVAddr'.
# 
# Loading work.openmips_min_sopc_tb(fast)
# Loading work.openmips_min_sopc(fast)
# Loading work.openmips(fast)
# Loading work.PC(fast)
# Loading work.IF_ID(fast)
# Loading work.ID(fast)
# Loading work.regfile(fast)
# Loading work.ID_EX(fast)
# Loading work.EX(fast)
# Loading work.EX_MEM(fast)
# Loading work.MEM(fast)
# Loading work.MEM_WB(fast)
# Loading work.HILO(fast)
# Loading work.CTRL(fast)
# Loading work.DIV(fast)
# Loading work.LLbit(fast)
# Loading work.CP0(fast)
# Loading work.inst_rom(fast)
# Loading work.data_ram(fast)
# Loading work.glbl(fast)
# ** Warning: (vsim-WLF-5000) WLF file currently in use: vsim.wlf
# 
#           File in use by: 86183  Hostname: LAPTOP-RHBK633D  ProcessID: 10348
# 
#           Attempting to use alternate WLF file "./wlfts9v5gw".
# ** Warning: (vsim-WLF-5001) Could not open WLF file: vsim.wlf
# 
#           Using alternate file: ./wlfts9v5gw
# 
# .main_pane.wave.interior.cs.body.pw.wf
# .main_pane.structure.interior.cs.body.struct
# .main_pane.objects.interior.cs.body.tree
