# //  ModelSim SE 10.1c Jul 27 2012 
# //
# //  Copyright 1991-2012 Mentor Graphics Corporation
# //  All Rights Reserved.
# //
# //  THIS WORK CONTAINS TRADE SECRET AND PROPRIETARY INFORMATION
# //  WHICH IS THE PROPERTY OF MENTOR GRAPHICS CORPORATION OR ITS
# //  LICENSORS AND IS SUBJECT TO LICENSE TERMS.
# //
# do {sccpu_tb_simulate.do} 
# vsim +transport_int_delays +pulse_int_r/0 +pulse_r/0 -L simprims_ver -L secureip -L xil_defaultlib -lib xil_defaultlib -voptargs=\"+acc\" xil_defaultlib.sccpu_tb xil_defaultlib.glbl 
# ** Note: (vsim-3812) Design is being optimized...
# 
# ** Note: (vopt-143) Recognized 1 FSM in module "DIV(fast)".
# 
# Loading work.sccpu_tb(fast)
# Loading work.sccomp_dataflow(fast)
# Loading work._openmips(fast)
# Loading work.divide_clk(fast)
# Loading work.PC(fast)
# Loading work.IF_ID(fast)
# Loading work.ID(fast)
# Loading work.regfile(fast)
# Loading work.ID_EX(fast)
# Loading work.EX(fast)
# Loading work.EX_MEM(fast)
# Loading work.MEM(fast)
# Loading work.MEM_WB(fast)
# Loading work.HILO(fast)
# Loading work.CTRL(fast)
# Loading work.DIV(fast)
# Loading work.CP0(fast)
# Loading work.imem(fast)
# Loading work.imem_dist_mem_gen_v8_0_10(fast)
# Loading simprims_ver.GND(fast)
# Loading simprims_ver.LUT6(fast)
# Loading simprims_ver.LUT6(fast__1)
# Loading simprims_ver.LUT5(fast)
# Loading simprims_ver.LUT6(fast__2)
# Loading simprims_ver.LUT2(fast)
# Loading simprims_ver.LUT6(fast__3)
# Loading simprims_ver.LUT6(fast__4)
# Loading simprims_ver.LUT6(fast__5)
# Loading simprims_ver.LUT6(fast__6)
# Loading simprims_ver.LUT6(fast__7)
# Loading simprims_ver.LUT6(fast__8)
# Loading simprims_ver.LUT5(fast__1)
# Loading simprims_ver.LUT6(fast__9)
# Loading simprims_ver.LUT6(fast__10)
# Loading simprims_ver.LUT6(fast__11)
# Loading simprims_ver.LUT6(fast__12)
# Loading simprims_ver.LUT6(fast__13)
# Loading simprims_ver.LUT6(fast__14)
# Loading simprims_ver.LUT6(fast__15)
# Loading simprims_ver.LUT6(fast__16)
# Loading simprims_ver.LUT5(fast__2)
# Loading simprims_ver.LUT6(fast__17)
# Loading simprims_ver.LUT6(fast__18)
# Loading simprims_ver.LUT6(fast__19)
# Loading simprims_ver.LUT6(fast__20)
# Loading simprims_ver.LUT6(fast__21)
# Loading simprims_ver.LUT6(fast__22)
# Loading simprims_ver.LUT6(fast__23)
# Loading simprims_ver.LUT6(fast__24)
# Loading simprims_ver.LUT6(fast__25)
# Loading simprims_ver.LUT6(fast__26)
# Loading simprims_ver.LUT6(fast__27)
# Loading simprims_ver.LUT6(fast__28)
# Loading simprims_ver.LUT6(fast__29)
# Loading simprims_ver.LUT6(fast__30)
# Loading simprims_ver.LUT6(fast__31)
# Loading simprims_ver.LUT6(fast__32)
# Loading simprims_ver.LUT6(fast__33)
# Loading simprims_ver.LUT6(fast__34)
# Loading simprims_ver.LUT6(fast__35)
# Loading simprims_ver.LUT6(fast__36)
# Loading simprims_ver.LUT6(fast__37)
# Loading simprims_ver.LUT6(fast__38)
# Loading simprims_ver.LUT6(fast__39)
# Loading simprims_ver.LUT6(fast__40)
# Loading simprims_ver.LUT6(fast__41)
# Loading simprims_ver.LUT6(fast__42)
# Loading simprims_ver.LUT6(fast__43)
# Loading simprims_ver.LUT6(fast__44)
# Loading simprims_ver.LUT6(fast__45)
# Loading simprims_ver.LUT6(fast__46)
# Loading simprims_ver.LUT6(fast__47)
# Loading simprims_ver.LUT6(fast__48)
# Loading simprims_ver.LUT6(fast__49)
# Loading simprims_ver.LUT6(fast__50)
# Loading simprims_ver.LUT6(fast__51)
# Loading simprims_ver.LUT6(fast__52)
# Loading simprims_ver.LUT6(fast__53)
# Loading simprims_ver.LUT6(fast__54)
# Loading simprims_ver.LUT6(fast__55)
# Loading simprims_ver.LUT6(fast__56)
# Loading simprims_ver.LUT6(fast__57)
# Loading simprims_ver.LUT6(fast__58)
# Loading simprims_ver.LUT6(fast__59)
# Loading simprims_ver.LUT6(fast__60)
# Loading simprims_ver.LUT6(fast__61)
# Loading simprims_ver.LUT6(fast__62)
# Loading simprims_ver.LUT6(fast__63)
# Loading simprims_ver.LUT6(fast__64)
# Loading simprims_ver.LUT6(fast__65)
# Loading simprims_ver.LUT6(fast__66)
# Loading simprims_ver.LUT6(fast__67)
# Loading simprims_ver.LUT6(fast__68)
# Loading simprims_ver.LUT6(fast__69)
# Loading simprims_ver.LUT6(fast__70)
# Loading simprims_ver.LUT6(fast__71)
# Loading simprims_ver.LUT6(fast__72)
# Loading simprims_ver.LUT6(fast__73)
# Loading simprims_ver.LUT6(fast__74)
# Loading simprims_ver.LUT6(fast__75)
# Loading simprims_ver.LUT6(fast__76)
# Loading simprims_ver.LUT6(fast__77)
# Loading simprims_ver.LUT6(fast__78)
# Loading simprims_ver.LUT6(fast__79)
# Loading simprims_ver.LUT6(fast__80)
# Loading simprims_ver.LUT6(fast__81)
# Loading simprims_ver.LUT6(fast__82)
# Loading simprims_ver.LUT6(fast__83)
# Loading simprims_ver.LUT6(fast__84)
# Loading simprims_ver.LUT6(fast__85)
# Loading simprims_ver.LUT6(fast__86)
# Loading simprims_ver.LUT6(fast__87)
# Loading simprims_ver.LUT6(fast__88)
# Loading simprims_ver.LUT6(fast__89)
# Loading simprims_ver.LUT6(fast__90)
# Loading simprims_ver.LUT6(fast__91)
# Loading simprims_ver.LUT6(fast__92)
# Loading simprims_ver.LUT6(fast__93)
# Loading simprims_ver.LUT6(fast__94)
# Loading simprims_ver.LUT6(fast__95)
# Loading simprims_ver.LUT6(fast__96)
# Loading simprims_ver.LUT6(fast__97)
# Loading simprims_ver.LUT6(fast__98)
# Loading simprims_ver.LUT6(fast__99)
# Loading simprims_ver.LUT6(fast__100)
# Loading simprims_ver.LUT6(fast__101)
# Loading simprims_ver.LUT6(fast__102)
# Loading simprims_ver.LUT6(fast__103)
# Loading simprims_ver.LUT6(fast__104)
# Loading simprims_ver.LUT6(fast__105)
# Loading simprims_ver.LUT6(fast__106)
# Loading simprims_ver.LUT6(fast__107)
# Loading simprims_ver.LUT6(fast__108)
# Loading simprims_ver.LUT6(fast__109)
# Loading simprims_ver.LUT5(fast__3)
# Loading simprims_ver.LUT6(fast__110)
# Loading simprims_ver.LUT6(fast__111)
# Loading simprims_ver.LUT6(fast__112)
# Loading simprims_ver.LUT6(fast__113)
# Loading simprims_ver.LUT6(fast__114)
# Loading simprims_ver.LUT6(fast__115)
# Loading simprims_ver.LUT6(fast__116)
# Loading simprims_ver.LUT6(fast__117)
# Loading simprims_ver.LUT6(fast__118)
# Loading simprims_ver.LUT6(fast__119)
# Loading simprims_ver.LUT6(fast__120)
# Loading simprims_ver.LUT6(fast__121)
# Loading simprims_ver.LUT6(fast__122)
# Loading simprims_ver.LUT6(fast__123)
# Loading simprims_ver.LUT6(fast__124)
# Loading simprims_ver.LUT6(fast__125)
# Loading simprims_ver.LUT6(fast__126)
# Loading simprims_ver.LUT6(fast__127)
# Loading simprims_ver.LUT6(fast__128)
# Loading simprims_ver.LUT6(fast__129)
# Loading simprims_ver.LUT6(fast__130)
# Loading simprims_ver.LUT6(fast__131)
# Loading simprims_ver.LUT6(fast__132)
# Loading simprims_ver.LUT6(fast__133)
# Loading simprims_ver.LUT6(fast__134)
# Loading simprims_ver.LUT6(fast__135)
# Loading simprims_ver.LUT6(fast__136)
# Loading simprims_ver.LUT6(fast__137)
# Loading simprims_ver.LUT6(fast__138)
# Loading simprims_ver.LUT6(fast__139)
# Loading simprims_ver.LUT6(fast__140)
# Loading simprims_ver.LUT6(fast__141)
# Loading simprims_ver.LUT6(fast__142)
# Loading simprims_ver.LUT6(fast__143)
# Loading simprims_ver.LUT6(fast__144)
# Loading simprims_ver.LUT6(fast__145)
# Loading simprims_ver.LUT6(fast__146)
# Loading simprims_ver.LUT3(fast)
# Loading simprims_ver.LUT4(fast)
# Loading simprims_ver.LUT2(fast__1)
# Loading simprims_ver.LUT5(fast__4)
# Loading simprims_ver.LUT2(fast__2)
# Loading simprims_ver.LUT6(fast__147)
# Loading simprims_ver.LUT6(fast__148)
# Loading simprims_ver.LUT2(fast__3)
# Loading simprims_ver.LUT6(fast__149)
# Loading simprims_ver.LUT2(fast__4)
# Loading simprims_ver.LUT6(fast__150)
# Loading simprims_ver.LUT6(fast__151)
# Loading simprims_ver.LUT6(fast__152)
# Loading simprims_ver.LUT6(fast__153)
# Loading simprims_ver.LUT6(fast__154)
# Loading simprims_ver.LUT6(fast__155)
# Loading simprims_ver.LUT6(fast__156)
# Loading simprims_ver.LUT6(fast__157)
# Loading simprims_ver.LUT6(fast__158)
# Loading simprims_ver.LUT6(fast__159)
# Loading simprims_ver.LUT6(fast__160)
# Loading simprims_ver.LUT6(fast__161)
# Loading simprims_ver.LUT6(fast__162)
# Loading simprims_ver.LUT6(fast__163)
# Loading simprims_ver.LUT5(fast__5)
# Loading simprims_ver.LUT6(fast__164)
# Loading simprims_ver.LUT6(fast__165)
# Loading simprims_ver.LUT5(fast__6)
# Loading simprims_ver.LUT4(fast__1)
# Loading simprims_ver.LUT6(fast__166)
# Loading simprims_ver.LUT6(fast__167)
# Loading simprims_ver.LUT6(fast__168)
# Loading simprims_ver.LUT6(fast__169)
# Loading simprims_ver.LUT6(fast__170)
# Loading simprims_ver.LUT6(fast__171)
# Loading simprims_ver.LUT6(fast__172)
# Loading simprims_ver.LUT6(fast__173)
# Loading simprims_ver.LUT6(fast__174)
# Loading simprims_ver.LUT6(fast__175)
# Loading simprims_ver.LUT6(fast__176)
# Loading simprims_ver.LUT6(fast__177)
# Loading simprims_ver.LUT6(fast__178)
# Loading simprims_ver.LUT6(fast__179)
# Loading simprims_ver.LUT6(fast__180)
# Loading simprims_ver.LUT6(fast__181)
# Loading simprims_ver.LUT6(fast__182)
# Loading simprims_ver.LUT6(fast__183)
# Loading simprims_ver.LUT6(fast__184)
# Loading simprims_ver.LUT6(fast__185)
# Loading simprims_ver.LUT6(fast__186)
# Loading simprims_ver.LUT6(fast__187)
# Loading simprims_ver.LUT6(fast__188)
# Loading simprims_ver.LUT6(fast__189)
# Loading simprims_ver.LUT6(fast__190)
# Loading simprims_ver.LUT6(fast__191)
# Loading simprims_ver.LUT6(fast__192)
# Loading simprims_ver.LUT6(fast__193)
# Loading simprims_ver.LUT6(fast__194)
# Loading simprims_ver.LUT6(fast__195)
# Loading simprims_ver.LUT6(fast__196)
# Loading simprims_ver.LUT6(fast__197)
# Loading simprims_ver.LUT6(fast__198)
# Loading simprims_ver.LUT6(fast__199)
# Loading simprims_ver.LUT6(fast__200)
# Loading simprims_ver.LUT6(fast__201)
# Loading simprims_ver.LUT6(fast__202)
# Loading simprims_ver.LUT6(fast__203)
# Loading simprims_ver.LUT6(fast__204)
# Loading simprims_ver.LUT5(fast__7)
# Loading simprims_ver.LUT6(fast__205)
# Loading simprims_ver.LUT6(fast__206)
# Loading simprims_ver.LUT6(fast__207)
# Loading simprims_ver.LUT6(fast__208)
# Loading simprims_ver.LUT6(fast__209)
# Loading simprims_ver.LUT6(fast__210)
# Loading simprims_ver.LUT5(fast__8)
# Loading simprims_ver.LUT6(fast__211)
# Loading simprims_ver.LUT6(fast__212)
# Loading simprims_ver.LUT5(fast__9)
# Loading simprims_ver.LUT4(fast__2)
# Loading simprims_ver.LUT6(fast__213)
# Loading simprims_ver.LUT6(fast__214)
# Loading simprims_ver.LUT6(fast__215)
# Loading simprims_ver.LUT6(fast__216)
# Loading simprims_ver.LUT6(fast__217)
# Loading simprims_ver.LUT6(fast__218)
# Loading simprims_ver.LUT6(fast__219)
# Loading simprims_ver.LUT6(fast__220)
# Loading simprims_ver.LUT6(fast__221)
# Loading simprims_ver.LUT6(fast__222)
# Loading simprims_ver.LUT6(fast__223)
# Loading simprims_ver.LUT6(fast__224)
# Loading simprims_ver.LUT6(fast__225)
# Loading simprims_ver.LUT6(fast__226)
# Loading simprims_ver.LUT6(fast__227)
# Loading simprims_ver.LUT6(fast__228)
# Loading simprims_ver.LUT6(fast__229)
# Loading simprims_ver.LUT6(fast__230)
# Loading simprims_ver.LUT6(fast__231)
# Loading simprims_ver.LUT6(fast__232)
# Loading simprims_ver.LUT6(fast__233)
# Loading simprims_ver.LUT6(fast__234)
# Loading simprims_ver.LUT6(fast__235)
# Loading simprims_ver.LUT6(fast__236)
# Loading simprims_ver.LUT6(fast__237)
# Loading simprims_ver.LUT6(fast__238)
# Loading simprims_ver.LUT6(fast__239)
# Loading simprims_ver.LUT6(fast__240)
# Loading simprims_ver.LUT6(fast__241)
# Loading simprims_ver.LUT6(fast__242)
# Loading simprims_ver.LUT6(fast__243)
# Loading simprims_ver.LUT6(fast__244)
# Loading simprims_ver.LUT6(fast__245)
# Loading simprims_ver.LUT6(fast__246)
# Loading simprims_ver.LUT6(fast__247)
# Loading simprims_ver.LUT6(fast__248)
# Loading simprims_ver.LUT6(fast__249)
# Loading simprims_ver.LUT6(fast__250)
# Loading simprims_ver.LUT6(fast__251)
# Loading simprims_ver.LUT6(fast__252)
# Loading simprims_ver.LUT6(fast__253)
# Loading simprims_ver.LUT6(fast__254)
# Loading simprims_ver.LUT6(fast__255)
# Loading simprims_ver.LUT6(fast__256)
# Loading simprims_ver.LUT6(fast__257)
# Loading simprims_ver.LUT6(fast__258)
# Loading simprims_ver.LUT6(fast__259)
# Loading simprims_ver.LUT6(fast__260)
# Loading simprims_ver.LUT6(fast__261)
# Loading simprims_ver.LUT6(fast__262)
# Loading simprims_ver.LUT6(fast__263)
# Loading simprims_ver.LUT6(fast__264)
# Loading simprims_ver.LUT6(fast__265)
# Loading simprims_ver.LUT6(fast__266)
# Loading simprims_ver.LUT6(fast__267)
# Loading simprims_ver.LUT6(fast__268)
# Loading simprims_ver.LUT6(fast__269)
# Loading simprims_ver.LUT6(fast__270)
# Loading simprims_ver.LUT6(fast__271)
# Loading simprims_ver.LUT6(fast__272)
# Loading simprims_ver.LUT6(fast__273)
# Loading simprims_ver.LUT6(fast__274)
# Loading simprims_ver.LUT6(fast__275)
# Loading simprims_ver.LUT6(fast__276)
# Loading simprims_ver.LUT6(fast__277)
# Loading simprims_ver.LUT6(fast__278)
# Loading simprims_ver.LUT6(fast__279)
# Loading simprims_ver.LUT6(fast__280)
# Loading simprims_ver.LUT6(fast__281)
# Loading simprims_ver.LUT6(fast__282)
# Loading simprims_ver.LUT6(fast__283)
# Loading simprims_ver.LUT6(fast__284)
# Loading simprims_ver.LUT6(fast__285)
# Loading simprims_ver.LUT6(fast__286)
# Loading simprims_ver.LUT6(fast__287)
# Loading simprims_ver.LUT6(fast__288)
# Loading simprims_ver.LUT6(fast__289)
# Loading simprims_ver.LUT6(fast__290)
# Loading simprims_ver.LUT6(fast__291)
# Loading simprims_ver.LUT6(fast__292)
# Loading simprims_ver.LUT6(fast__293)
# Loading simprims_ver.LUT6(fast__294)
# Loading simprims_ver.LUT6(fast__295)
# Loading simprims_ver.LUT6(fast__296)
# Loading simprims_ver.LUT6(fast__297)
# Loading simprims_ver.LUT6(fast__298)
# Loading simprims_ver.LUT6(fast__299)
# Loading simprims_ver.LUT6(fast__300)
# Loading simprims_ver.LUT6(fast__301)
# Loading simprims_ver.LUT6(fast__302)
# Loading simprims_ver.LUT6(fast__303)
# Loading simprims_ver.LUT6(fast__304)
# Loading simprims_ver.LUT6(fast__305)
# Loading simprims_ver.LUT6(fast__306)
# Loading simprims_ver.LUT6(fast__307)
# Loading simprims_ver.LUT6(fast__308)
# Loading simprims_ver.LUT6(fast__309)
# Loading simprims_ver.LUT6(fast__310)
# Loading simprims_ver.LUT6(fast__311)
# Loading simprims_ver.LUT6(fast__312)
# Loading simprims_ver.LUT6(fast__313)
# Loading simprims_ver.LUT6(fast__314)
# Loading simprims_ver.LUT6(fast__315)
# Loading simprims_ver.LUT6(fast__316)
# Loading simprims_ver.LUT6(fast__317)
# Loading simprims_ver.LUT6(fast__318)
# Loading simprims_ver.LUT6(fast__319)
# Loading simprims_ver.LUT6(fast__320)
# Loading simprims_ver.LUT6(fast__321)
# Loading simprims_ver.LUT6(fast__322)
# Loading simprims_ver.LUT6(fast__323)
# Loading simprims_ver.LUT6(fast__324)
# Loading simprims_ver.LUT6(fast__325)
# Loading simprims_ver.LUT6(fast__326)
# Loading simprims_ver.LUT6(fast__327)
# Loading simprims_ver.LUT6(fast__328)
# Loading simprims_ver.LUT6(fast__329)
# Loading simprims_ver.LUT6(fast__330)
# Loading simprims_ver.LUT6(fast__331)
# Loading simprims_ver.LUT6(fast__332)
# Loading simprims_ver.LUT6(fast__333)
# Loading simprims_ver.LUT6(fast__334)
# Loading simprims_ver.LUT6(fast__335)
# Loading simprims_ver.LUT6(fast__336)
# Loading simprims_ver.LUT6(fast__337)
# Loading simprims_ver.LUT6(fast__338)
# Loading simprims_ver.LUT6(fast__339)
# Loading simprims_ver.LUT6(fast__340)
# Loading simprims_ver.LUT6(fast__341)
# Loading simprims_ver.LUT6(fast__342)
# Loading simprims_ver.LUT6(fast__343)
# Loading simprims_ver.LUT6(fast__344)
# Loading simprims_ver.LUT6(fast__345)
# Loading simprims_ver.LUT6(fast__346)
# Loading simprims_ver.LUT6(fast__347)
# Loading simprims_ver.LUT6(fast__348)
# Loading simprims_ver.LUT6(fast__349)
# Loading simprims_ver.LUT6(fast__350)
# Loading simprims_ver.LUT6(fast__351)
# Loading simprims_ver.LUT6(fast__352)
# Loading simprims_ver.LUT6(fast__353)
# Loading simprims_ver.LUT6(fast__354)
# Loading simprims_ver.LUT6(fast__355)
# Loading simprims_ver.LUT6(fast__356)
# Loading simprims_ver.LUT6(fast__357)
# Loading simprims_ver.LUT6(fast__358)
# Loading simprims_ver.LUT6(fast__359)
# Loading simprims_ver.LUT6(fast__360)
# Loading simprims_ver.LUT6(fast__361)
# Loading simprims_ver.LUT6(fast__362)
# Loading simprims_ver.LUT6(fast__363)
# Loading simprims_ver.LUT6(fast__364)
# Loading simprims_ver.LUT6(fast__365)
# Loading simprims_ver.LUT6(fast__366)
# Loading simprims_ver.LUT6(fast__367)
# Loading simprims_ver.LUT6(fast__368)
# Loading simprims_ver.LUT6(fast__369)
# Loading simprims_ver.LUT6(fast__370)
# Loading simprims_ver.LUT6(fast__371)
# Loading simprims_ver.LUT6(fast__372)
# Loading simprims_ver.LUT6(fast__373)
# Loading simprims_ver.LUT6(fast__374)
# Loading simprims_ver.LUT6(fast__375)
# Loading simprims_ver.LUT6(fast__376)
# Loading simprims_ver.LUT6(fast__377)
# Loading simprims_ver.LUT6(fast__378)
# Loading simprims_ver.LUT6(fast__379)
# Loading simprims_ver.LUT6(fast__380)
# Loading simprims_ver.LUT6(fast__381)
# Loading simprims_ver.LUT6(fast__382)
# Loading simprims_ver.LUT6(fast__383)
# Loading simprims_ver.LUT6(fast__384)
# Loading simprims_ver.LUT6(fast__385)
# Loading simprims_ver.LUT6(fast__386)
# Loading simprims_ver.LUT6(fast__387)
# Loading simprims_ver.LUT6(fast__388)
# Loading simprims_ver.LUT6(fast__389)
# Loading simprims_ver.LUT6(fast__390)
# Loading simprims_ver.LUT6(fast__391)
# Loading simprims_ver.LUT6(fast__392)
# Loading simprims_ver.LUT6(fast__393)
# Loading simprims_ver.LUT6(fast__394)
# Loading simprims_ver.LUT6(fast__395)
# Loading simprims_ver.LUT6(fast__396)
# Loading simprims_ver.LUT6(fast__397)
# Loading simprims_ver.MUXF7(fast)
# Loading simprims_ver.LUT6(fast__398)
# Loading simprims_ver.LUT4(fast__3)
# Loading simprims_ver.MUXF8(fast)
# Loading simprims_ver.LUT4(fast__4)
# Loading simprims_ver.LUT5(fast__10)
# Loading simprims_ver.LUT3(fast__1)
# Loading simprims_ver.LUT6(fast__399)
# Loading simprims_ver.LUT5(fast__11)
# Loading simprims_ver.LUT5(fast__12)
# Loading simprims_ver.LUT5(fast__13)
# Loading simprims_ver.LUT6(fast__400)
# Loading simprims_ver.LUT6(fast__401)
# Loading simprims_ver.LUT6(fast__402)
# Loading simprims_ver.LUT6(fast__403)
# Loading simprims_ver.LUT5(fast__14)
# Loading simprims_ver.LUT6(fast__404)
# Loading simprims_ver.LUT6(fast__405)
# Loading simprims_ver.LUT4(fast__5)
# Loading simprims_ver.LUT5(fast__15)
# Loading simprims_ver.LUT6(fast__406)
# Loading simprims_ver.LUT6(fast__407)
# Loading simprims_ver.LUT5(fast__16)
# Loading simprims_ver.LUT6(fast__408)
# Loading simprims_ver.LUT6(fast__409)
# Loading work.data_ram(fast)
# Loading work.glbl(fast)
# .main_pane.wave.interior.cs.body.pw.wf
# .main_pane.structure.interior.cs.body.struct
# .main_pane.objects.interior.cs.body.tree
add wave -position insertpoint sim:/sccpu_tb/uut/sccpu/*
restart -f
# Loading work.sccpu_tb(fast)
# Loading work.sccomp_dataflow(fast)
# Loading work._openmips(fast)
# Loading work.divide_clk(fast)
# Loading work.PC(fast)
# Loading work.IF_ID(fast)
# Loading work.ID(fast)
# Loading work.regfile(fast)
# Loading work.ID_EX(fast)
# Loading work.EX(fast)
# Loading work.EX_MEM(fast)
# Loading work.MEM(fast)
# Loading work.MEM_WB(fast)
# Loading work.HILO(fast)
# Loading work.CTRL(fast)
# Loading work.DIV(fast)
# Loading work.CP0(fast)
# Loading work.imem(fast)
# Loading work.imem_dist_mem_gen_v8_0_10(fast)
# Loading simprims_ver.GND(fast)
# Loading simprims_ver.LUT6(fast)
# Loading simprims_ver.LUT6(fast__1)
# Loading simprims_ver.LUT5(fast)
# Loading simprims_ver.LUT6(fast__2)
# Loading simprims_ver.LUT2(fast)
# Loading simprims_ver.LUT6(fast__3)
# Loading simprims_ver.LUT6(fast__4)
# Loading simprims_ver.LUT6(fast__5)
# Loading simprims_ver.LUT6(fast__6)
# Loading simprims_ver.LUT6(fast__7)
# Loading simprims_ver.LUT6(fast__8)
# Loading simprims_ver.LUT5(fast__1)
# Loading simprims_ver.LUT6(fast__9)
# Loading simprims_ver.LUT6(fast__10)
# Loading simprims_ver.LUT6(fast__11)
# Loading simprims_ver.LUT6(fast__12)
# Loading simprims_ver.LUT6(fast__13)
# Loading simprims_ver.LUT6(fast__14)
# Loading simprims_ver.LUT6(fast__15)
# Loading simprims_ver.LUT6(fast__16)
# Loading simprims_ver.LUT5(fast__2)
# Loading simprims_ver.LUT6(fast__17)
# Loading simprims_ver.LUT6(fast__18)
# Loading simprims_ver.LUT6(fast__19)
# Loading simprims_ver.LUT6(fast__20)
# Loading simprims_ver.LUT6(fast__21)
# Loading simprims_ver.LUT6(fast__22)
# Loading simprims_ver.LUT6(fast__23)
# Loading simprims_ver.LUT6(fast__24)
# Loading simprims_ver.LUT6(fast__25)
# Loading simprims_ver.LUT6(fast__26)
# Loading simprims_ver.LUT6(fast__27)
# Loading simprims_ver.LUT6(fast__28)
# Loading simprims_ver.LUT6(fast__29)
# Loading simprims_ver.LUT6(fast__30)
# Loading simprims_ver.LUT6(fast__31)
# Loading simprims_ver.LUT6(fast__32)
# Loading simprims_ver.LUT6(fast__33)
# Loading simprims_ver.LUT6(fast__34)
# Loading simprims_ver.LUT6(fast__35)
# Loading simprims_ver.LUT6(fast__36)
# Loading simprims_ver.LUT6(fast__37)
# Loading simprims_ver.LUT6(fast__38)
# Loading simprims_ver.LUT6(fast__39)
# Loading simprims_ver.LUT6(fast__40)
# Loading simprims_ver.LUT6(fast__41)
# Loading simprims_ver.LUT6(fast__42)
# Loading simprims_ver.LUT6(fast__43)
# Loading simprims_ver.LUT6(fast__44)
# Loading simprims_ver.LUT6(fast__45)
# Loading simprims_ver.LUT6(fast__46)
# Loading simprims_ver.LUT6(fast__47)
# Loading simprims_ver.LUT6(fast__48)
# Loading simprims_ver.LUT6(fast__49)
# Loading simprims_ver.LUT6(fast__50)
# Loading simprims_ver.LUT6(fast__51)
# Loading simprims_ver.LUT6(fast__52)
# Loading simprims_ver.LUT6(fast__53)
# Loading simprims_ver.LUT6(fast__54)
# Loading simprims_ver.LUT6(fast__55)
# Loading simprims_ver.LUT6(fast__56)
# Loading simprims_ver.LUT6(fast__57)
# Loading simprims_ver.LUT6(fast__58)
# Loading simprims_ver.LUT6(fast__59)
# Loading simprims_ver.LUT6(fast__60)
# Loading simprims_ver.LUT6(fast__61)
# Loading simprims_ver.LUT6(fast__62)
# Loading simprims_ver.LUT6(fast__63)
# Loading simprims_ver.LUT6(fast__64)
# Loading simprims_ver.LUT6(fast__65)
# Loading simprims_ver.LUT6(fast__66)
# Loading simprims_ver.LUT6(fast__67)
# Loading simprims_ver.LUT6(fast__68)
# Loading simprims_ver.LUT6(fast__69)
# Loading simprims_ver.LUT6(fast__70)
# Loading simprims_ver.LUT6(fast__71)
# Loading simprims_ver.LUT6(fast__72)
# Loading simprims_ver.LUT6(fast__73)
# Loading simprims_ver.LUT6(fast__74)
# Loading simprims_ver.LUT6(fast__75)
# Loading simprims_ver.LUT6(fast__76)
# Loading simprims_ver.LUT6(fast__77)
# Loading simprims_ver.LUT6(fast__78)
# Loading simprims_ver.LUT6(fast__79)
# Loading simprims_ver.LUT6(fast__80)
# Loading simprims_ver.LUT6(fast__81)
# Loading simprims_ver.LUT6(fast__82)
# Loading simprims_ver.LUT6(fast__83)
# Loading simprims_ver.LUT6(fast__84)
# Loading simprims_ver.LUT6(fast__85)
# Loading simprims_ver.LUT6(fast__86)
# Loading simprims_ver.LUT6(fast__87)
# Loading simprims_ver.LUT6(fast__88)
# Loading simprims_ver.LUT6(fast__89)
# Loading simprims_ver.LUT6(fast__90)
# Loading simprims_ver.LUT6(fast__91)
# Loading simprims_ver.LUT6(fast__92)
# Loading simprims_ver.LUT6(fast__93)
# Loading simprims_ver.LUT6(fast__94)
# Loading simprims_ver.LUT6(fast__95)
# Loading simprims_ver.LUT6(fast__96)
# Loading simprims_ver.LUT6(fast__97)
# Loading simprims_ver.LUT6(fast__98)
# Loading simprims_ver.LUT6(fast__99)
# Loading simprims_ver.LUT6(fast__100)
# Loading simprims_ver.LUT6(fast__101)
# Loading simprims_ver.LUT6(fast__102)
# Loading simprims_ver.LUT6(fast__103)
# Loading simprims_ver.LUT6(fast__104)
# Loading simprims_ver.LUT6(fast__105)
# Loading simprims_ver.LUT6(fast__106)
# Loading simprims_ver.LUT6(fast__107)
# Loading simprims_ver.LUT6(fast__108)
# Loading simprims_ver.LUT6(fast__109)
# Loading simprims_ver.LUT5(fast__3)
# Loading simprims_ver.LUT6(fast__110)
# Loading simprims_ver.LUT6(fast__111)
# Loading simprims_ver.LUT6(fast__112)
# Loading simprims_ver.LUT6(fast__113)
# Loading simprims_ver.LUT6(fast__114)
# Loading simprims_ver.LUT6(fast__115)
# Loading simprims_ver.LUT6(fast__116)
# Loading simprims_ver.LUT6(fast__117)
# Loading simprims_ver.LUT6(fast__118)
# Loading simprims_ver.LUT6(fast__119)
# Loading simprims_ver.LUT6(fast__120)
# Loading simprims_ver.LUT6(fast__121)
# Loading simprims_ver.LUT6(fast__122)
# Loading simprims_ver.LUT6(fast__123)
# Loading simprims_ver.LUT6(fast__124)
# Loading simprims_ver.LUT6(fast__125)
# Loading simprims_ver.LUT6(fast__126)
# Loading simprims_ver.LUT6(fast__127)
# Loading simprims_ver.LUT6(fast__128)
# Loading simprims_ver.LUT6(fast__129)
# Loading simprims_ver.LUT6(fast__130)
# Loading simprims_ver.LUT6(fast__131)
# Loading simprims_ver.LUT6(fast__132)
# Loading simprims_ver.LUT6(fast__133)
# Loading simprims_ver.LUT6(fast__134)
# Loading simprims_ver.LUT6(fast__135)
# Loading simprims_ver.LUT6(fast__136)
# Loading simprims_ver.LUT6(fast__137)
# Loading simprims_ver.LUT6(fast__138)
# Loading simprims_ver.LUT6(fast__139)
# Loading simprims_ver.LUT6(fast__140)
# Loading simprims_ver.LUT6(fast__141)
# Loading simprims_ver.LUT6(fast__142)
# Loading simprims_ver.LUT6(fast__143)
# Loading simprims_ver.LUT6(fast__144)
# Loading simprims_ver.LUT6(fast__145)
# Loading simprims_ver.LUT6(fast__146)
# Loading simprims_ver.LUT3(fast)
# Loading simprims_ver.LUT4(fast)
# Loading simprims_ver.LUT2(fast__1)
# Loading simprims_ver.LUT5(fast__4)
# Loading simprims_ver.LUT2(fast__2)
# Loading simprims_ver.LUT6(fast__147)
# Loading simprims_ver.LUT6(fast__148)
# Loading simprims_ver.LUT2(fast__3)
# Loading simprims_ver.LUT6(fast__149)
# Loading simprims_ver.LUT2(fast__4)
# Loading simprims_ver.LUT6(fast__150)
# Loading simprims_ver.LUT6(fast__151)
# Loading simprims_ver.LUT6(fast__152)
# Loading simprims_ver.LUT6(fast__153)
# Loading simprims_ver.LUT6(fast__154)
# Loading simprims_ver.LUT6(fast__155)
# Loading simprims_ver.LUT6(fast__156)
# Loading simprims_ver.LUT6(fast__157)
# Loading simprims_ver.LUT6(fast__158)
# Loading simprims_ver.LUT6(fast__159)
# Loading simprims_ver.LUT6(fast__160)
# Loading simprims_ver.LUT6(fast__161)
# Loading simprims_ver.LUT6(fast__162)
# Loading simprims_ver.LUT6(fast__163)
# Loading simprims_ver.LUT5(fast__5)
# Loading simprims_ver.LUT6(fast__164)
# Loading simprims_ver.LUT6(fast__165)
# Loading simprims_ver.LUT5(fast__6)
# Loading simprims_ver.LUT4(fast__1)
# Loading simprims_ver.LUT6(fast__166)
# Loading simprims_ver.LUT6(fast__167)
# Loading simprims_ver.LUT6(fast__168)
# Loading simprims_ver.LUT6(fast__169)
# Loading simprims_ver.LUT6(fast__170)
# Loading simprims_ver.LUT6(fast__171)
# Loading simprims_ver.LUT6(fast__172)
# Loading simprims_ver.LUT6(fast__173)
# Loading simprims_ver.LUT6(fast__174)
# Loading simprims_ver.LUT6(fast__175)
# Loading simprims_ver.LUT6(fast__176)
# Loading simprims_ver.LUT6(fast__177)
# Loading simprims_ver.LUT6(fast__178)
# Loading simprims_ver.LUT6(fast__179)
# Loading simprims_ver.LUT6(fast__180)
# Loading simprims_ver.LUT6(fast__181)
# Loading simprims_ver.LUT6(fast__182)
# Loading simprims_ver.LUT6(fast__183)
# Loading simprims_ver.LUT6(fast__184)
# Loading simprims_ver.LUT6(fast__185)
# Loading simprims_ver.LUT6(fast__186)
# Loading simprims_ver.LUT6(fast__187)
# Loading simprims_ver.LUT6(fast__188)
# Loading simprims_ver.LUT6(fast__189)
# Loading simprims_ver.LUT6(fast__190)
# Loading simprims_ver.LUT6(fast__191)
# Loading simprims_ver.LUT6(fast__192)
# Loading simprims_ver.LUT6(fast__193)
# Loading simprims_ver.LUT6(fast__194)
# Loading simprims_ver.LUT6(fast__195)
# Loading simprims_ver.LUT6(fast__196)
# Loading simprims_ver.LUT6(fast__197)
# Loading simprims_ver.LUT6(fast__198)
# Loading simprims_ver.LUT6(fast__199)
# Loading simprims_ver.LUT6(fast__200)
# Loading simprims_ver.LUT6(fast__201)
# Loading simprims_ver.LUT6(fast__202)
# Loading simprims_ver.LUT6(fast__203)
# Loading simprims_ver.LUT6(fast__204)
# Loading simprims_ver.LUT5(fast__7)
# Loading simprims_ver.LUT6(fast__205)
# Loading simprims_ver.LUT6(fast__206)
# Loading simprims_ver.LUT6(fast__207)
# Loading simprims_ver.LUT6(fast__208)
# Loading simprims_ver.LUT6(fast__209)
# Loading simprims_ver.LUT6(fast__210)
# Loading simprims_ver.LUT5(fast__8)
# Loading simprims_ver.LUT6(fast__211)
# Loading simprims_ver.LUT6(fast__212)
# Loading simprims_ver.LUT5(fast__9)
# Loading simprims_ver.LUT4(fast__2)
# Loading simprims_ver.LUT6(fast__213)
# Loading simprims_ver.LUT6(fast__214)
# Loading simprims_ver.LUT6(fast__215)
# Loading simprims_ver.LUT6(fast__216)
# Loading simprims_ver.LUT6(fast__217)
# Loading simprims_ver.LUT6(fast__218)
# Loading simprims_ver.LUT6(fast__219)
# Loading simprims_ver.LUT6(fast__220)
# Loading simprims_ver.LUT6(fast__221)
# Loading simprims_ver.LUT6(fast__222)
# Loading simprims_ver.LUT6(fast__223)
# Loading simprims_ver.LUT6(fast__224)
# Loading simprims_ver.LUT6(fast__225)
# Loading simprims_ver.LUT6(fast__226)
# Loading simprims_ver.LUT6(fast__227)
# Loading simprims_ver.LUT6(fast__228)
# Loading simprims_ver.LUT6(fast__229)
# Loading simprims_ver.LUT6(fast__230)
# Loading simprims_ver.LUT6(fast__231)
# Loading simprims_ver.LUT6(fast__232)
# Loading simprims_ver.LUT6(fast__233)
# Loading simprims_ver.LUT6(fast__234)
# Loading simprims_ver.LUT6(fast__235)
# Loading simprims_ver.LUT6(fast__236)
# Loading simprims_ver.LUT6(fast__237)
# Loading simprims_ver.LUT6(fast__238)
# Loading simprims_ver.LUT6(fast__239)
# Loading simprims_ver.LUT6(fast__240)
# Loading simprims_ver.LUT6(fast__241)
# Loading simprims_ver.LUT6(fast__242)
# Loading simprims_ver.LUT6(fast__243)
# Loading simprims_ver.LUT6(fast__244)
# Loading simprims_ver.LUT6(fast__245)
# Loading simprims_ver.LUT6(fast__246)
# Loading simprims_ver.LUT6(fast__247)
# Loading simprims_ver.LUT6(fast__248)
# Loading simprims_ver.LUT6(fast__249)
# Loading simprims_ver.LUT6(fast__250)
# Loading simprims_ver.LUT6(fast__251)
# Loading simprims_ver.LUT6(fast__252)
# Loading simprims_ver.LUT6(fast__253)
# Loading simprims_ver.LUT6(fast__254)
# Loading simprims_ver.LUT6(fast__255)
# Loading simprims_ver.LUT6(fast__256)
# Loading simprims_ver.LUT6(fast__257)
# Loading simprims_ver.LUT6(fast__258)
# Loading simprims_ver.LUT6(fast__259)
# Loading simprims_ver.LUT6(fast__260)
# Loading simprims_ver.LUT6(fast__261)
# Loading simprims_ver.LUT6(fast__262)
# Loading simprims_ver.LUT6(fast__263)
# Loading simprims_ver.LUT6(fast__264)
# Loading simprims_ver.LUT6(fast__265)
# Loading simprims_ver.LUT6(fast__266)
# Loading simprims_ver.LUT6(fast__267)
# Loading simprims_ver.LUT6(fast__268)
# Loading simprims_ver.LUT6(fast__269)
# Loading simprims_ver.LUT6(fast__270)
# Loading simprims_ver.LUT6(fast__271)
# Loading simprims_ver.LUT6(fast__272)
# Loading simprims_ver.LUT6(fast__273)
# Loading simprims_ver.LUT6(fast__274)
# Loading simprims_ver.LUT6(fast__275)
# Loading simprims_ver.LUT6(fast__276)
# Loading simprims_ver.LUT6(fast__277)
# Loading simprims_ver.LUT6(fast__278)
# Loading simprims_ver.LUT6(fast__279)
# Loading simprims_ver.LUT6(fast__280)
# Loading simprims_ver.LUT6(fast__281)
# Loading simprims_ver.LUT6(fast__282)
# Loading simprims_ver.LUT6(fast__283)
# Loading simprims_ver.LUT6(fast__284)
# Loading simprims_ver.LUT6(fast__285)
# Loading simprims_ver.LUT6(fast__286)
# Loading simprims_ver.LUT6(fast__287)
# Loading simprims_ver.LUT6(fast__288)
# Loading simprims_ver.LUT6(fast__289)
# Loading simprims_ver.LUT6(fast__290)
# Loading simprims_ver.LUT6(fast__291)
# Loading simprims_ver.LUT6(fast__292)
# Loading simprims_ver.LUT6(fast__293)
# Loading simprims_ver.LUT6(fast__294)
# Loading simprims_ver.LUT6(fast__295)
# Loading simprims_ver.LUT6(fast__296)
# Loading simprims_ver.LUT6(fast__297)
# Loading simprims_ver.LUT6(fast__298)
# Loading simprims_ver.LUT6(fast__299)
# Loading simprims_ver.LUT6(fast__300)
# Loading simprims_ver.LUT6(fast__301)
# Loading simprims_ver.LUT6(fast__302)
# Loading simprims_ver.LUT6(fast__303)
# Loading simprims_ver.LUT6(fast__304)
# Loading simprims_ver.LUT6(fast__305)
# Loading simprims_ver.LUT6(fast__306)
# Loading simprims_ver.LUT6(fast__307)
# Loading simprims_ver.LUT6(fast__308)
# Loading simprims_ver.LUT6(fast__309)
# Loading simprims_ver.LUT6(fast__310)
# Loading simprims_ver.LUT6(fast__311)
# Loading simprims_ver.LUT6(fast__312)
# Loading simprims_ver.LUT6(fast__313)
# Loading simprims_ver.LUT6(fast__314)
# Loading simprims_ver.LUT6(fast__315)
# Loading simprims_ver.LUT6(fast__316)
# Loading simprims_ver.LUT6(fast__317)
# Loading simprims_ver.LUT6(fast__318)
# Loading simprims_ver.LUT6(fast__319)
# Loading simprims_ver.LUT6(fast__320)
# Loading simprims_ver.LUT6(fast__321)
# Loading simprims_ver.LUT6(fast__322)
# Loading simprims_ver.LUT6(fast__323)
# Loading simprims_ver.LUT6(fast__324)
# Loading simprims_ver.LUT6(fast__325)
# Loading simprims_ver.LUT6(fast__326)
# Loading simprims_ver.LUT6(fast__327)
# Loading simprims_ver.LUT6(fast__328)
# Loading simprims_ver.LUT6(fast__329)
# Loading simprims_ver.LUT6(fast__330)
# Loading simprims_ver.LUT6(fast__331)
# Loading simprims_ver.LUT6(fast__332)
# Loading simprims_ver.LUT6(fast__333)
# Loading simprims_ver.LUT6(fast__334)
# Loading simprims_ver.LUT6(fast__335)
# Loading simprims_ver.LUT6(fast__336)
# Loading simprims_ver.LUT6(fast__337)
# Loading simprims_ver.LUT6(fast__338)
# Loading simprims_ver.LUT6(fast__339)
# Loading simprims_ver.LUT6(fast__340)
# Loading simprims_ver.LUT6(fast__341)
# Loading simprims_ver.LUT6(fast__342)
# Loading simprims_ver.LUT6(fast__343)
# Loading simprims_ver.LUT6(fast__344)
# Loading simprims_ver.LUT6(fast__345)
# Loading simprims_ver.LUT6(fast__346)
# Loading simprims_ver.LUT6(fast__347)
# Loading simprims_ver.LUT6(fast__348)
# Loading simprims_ver.LUT6(fast__349)
# Loading simprims_ver.LUT6(fast__350)
# Loading simprims_ver.LUT6(fast__351)
# Loading simprims_ver.LUT6(fast__352)
# Loading simprims_ver.LUT6(fast__353)
# Loading simprims_ver.LUT6(fast__354)
# Loading simprims_ver.LUT6(fast__355)
# Loading simprims_ver.LUT6(fast__356)
# Loading simprims_ver.LUT6(fast__357)
# Loading simprims_ver.LUT6(fast__358)
# Loading simprims_ver.LUT6(fast__359)
# Loading simprims_ver.LUT6(fast__360)
# Loading simprims_ver.LUT6(fast__361)
# Loading simprims_ver.LUT6(fast__362)
# Loading simprims_ver.LUT6(fast__363)
# Loading simprims_ver.LUT6(fast__364)
# Loading simprims_ver.LUT6(fast__365)
# Loading simprims_ver.LUT6(fast__366)
# Loading simprims_ver.LUT6(fast__367)
# Loading simprims_ver.LUT6(fast__368)
# Loading simprims_ver.LUT6(fast__369)
# Loading simprims_ver.LUT6(fast__370)
# Loading simprims_ver.LUT6(fast__371)
# Loading simprims_ver.LUT6(fast__372)
# Loading simprims_ver.LUT6(fast__373)
# Loading simprims_ver.LUT6(fast__374)
# Loading simprims_ver.LUT6(fast__375)
# Loading simprims_ver.LUT6(fast__376)
# Loading simprims_ver.LUT6(fast__377)
# Loading simprims_ver.LUT6(fast__378)
# Loading simprims_ver.LUT6(fast__379)
# Loading simprims_ver.LUT6(fast__380)
# Loading simprims_ver.LUT6(fast__381)
# Loading simprims_ver.LUT6(fast__382)
# Loading simprims_ver.LUT6(fast__383)
# Loading simprims_ver.LUT6(fast__384)
# Loading simprims_ver.LUT6(fast__385)
# Loading simprims_ver.LUT6(fast__386)
# Loading simprims_ver.LUT6(fast__387)
# Loading simprims_ver.LUT6(fast__388)
# Loading simprims_ver.LUT6(fast__389)
# Loading simprims_ver.LUT6(fast__390)
# Loading simprims_ver.LUT6(fast__391)
# Loading simprims_ver.LUT6(fast__392)
# Loading simprims_ver.LUT6(fast__393)
# Loading simprims_ver.LUT6(fast__394)
# Loading simprims_ver.LUT6(fast__395)
# Loading simprims_ver.LUT6(fast__396)
# Loading simprims_ver.LUT6(fast__397)
# Loading simprims_ver.MUXF7(fast)
# Loading simprims_ver.LUT6(fast__398)
# Loading simprims_ver.LUT4(fast__3)
# Loading simprims_ver.MUXF8(fast)
# Loading simprims_ver.LUT4(fast__4)
# Loading simprims_ver.LUT5(fast__10)
# Loading simprims_ver.LUT3(fast__1)
# Loading simprims_ver.LUT6(fast__399)
# Loading simprims_ver.LUT5(fast__11)
# Loading simprims_ver.LUT5(fast__12)
# Loading simprims_ver.LUT5(fast__13)
# Loading simprims_ver.LUT6(fast__400)
# Loading simprims_ver.LUT6(fast__401)
# Loading simprims_ver.LUT6(fast__402)
# Loading simprims_ver.LUT6(fast__403)
# Loading simprims_ver.LUT5(fast__14)
# Loading simprims_ver.LUT6(fast__404)
# Loading simprims_ver.LUT6(fast__405)
# Loading simprims_ver.LUT4(fast__5)
# Loading simprims_ver.LUT5(fast__15)
# Loading simprims_ver.LUT6(fast__406)
# Loading simprims_ver.LUT6(fast__407)
# Loading simprims_ver.LUT5(fast__16)
# Loading simprims_ver.LUT6(fast__408)
# Loading simprims_ver.LUT6(fast__409)
# Loading work.data_ram(fast)
# Loading work.glbl(fast)
run
run
# Causality operation skipped due to absense of debug database file
run
run
run
run
